This file contains any messages produced by compilers while
running configure, to aid debugging if configure makes a mistake.

It was created by jpcre2 configure 10.32.01, which was
generated by GNU Autoconf 2.69.  Invocation command line was

  $ /Users/home/GitHub/QLMarkdown/dependencies/jpcre2/configure --host=aarch64-apple-darwin --prefix=/Users/home/GitHub/QLMarkdown/build/Debug/libjpcre2/arm64 --enable-cpp11

## --------- ##
## Platform. ##
## --------- ##

hostname = adlers-MacBook-Air.local
uname -m = arm64
uname -r = 25.1.0
uname -s = Darwin
uname -v = Darwin Kernel Version 25.1.0: Mon Oct 20 19:34:03 PDT 2025; root:xnu-12377.41.6~2/RELEASE_ARM64_T8112

/usr/bin/uname -p = arm
/bin/uname -X     = unknown

/bin/arch              = unknown
/usr/bin/arch -k       = unknown
/usr/convex/getsysinfo = unknown
/usr/bin/hostinfo      = Mach kernel version:
	 Darwin Kernel Version 25.1.0: Mon Oct 20 19:34:03 PDT 2025; root:xnu-12377.41.6~2/RELEASE_ARM64_T8112
Kernel configured for up to 8 processors.
8 processors are physically available.
8 processors are logically available.
Processor type: arm64e (ARM64E)
Processors active: 0 1 2 3 4 5 6 7
Primary memory available: 8.00 gigabytes
Default processor set: 627 tasks, 2776 threads, 8 processors
Load average: 3.24, Mach factor: 4.75
/bin/machine           = unknown
/usr/bin/oslevel       = unknown
/bin/universe          = unknown

PATH: /Applications/Xcode.app/Contents/SharedFrameworks/SwiftBuild.framework/Versions/A/PlugIns/SWBBuildService.bundle/Contents/PlugIns/SWBUniversalPlatformPlugin.bundle/Contents/Frameworks/SWBUniversalPlatform.framework/Resources
PATH: /Applications/Xcode.app/Contents/Developer/Toolchains/XcodeDefault.xctoolchain/usr/bin
PATH: /Applications/Xcode.app/Contents/Developer/Toolchains/XcodeDefault.xctoolchain/usr/local/bin
PATH: /Applications/Xcode.app/Contents/Developer/Toolchains/XcodeDefault.xctoolchain/usr/libexec
PATH: /Applications/Xcode.app/Contents/Developer/Platforms/MacOSX.platform/usr/bin
PATH: /Applications/Xcode.app/Contents/Developer/Platforms/MacOSX.platform/usr/local/bin
PATH: /Applications/Xcode.app/Contents/Developer/Platforms/MacOSX.platform/Developer/usr/bin
PATH: /Applications/Xcode.app/Contents/Developer/Platforms/MacOSX.platform/Developer/usr/local/bin
PATH: /Applications/Xcode.app/Contents/Developer/usr/bin
PATH: /Applications/Xcode.app/Contents/Developer/usr/local/bin
PATH: /usr/local/bin
PATH: /Applications/Xcode.app/Contents/Developer/Platforms/iPhoneOS.platform/Developer/usr/bin
PATH: /Applications/Xcode.app/Contents/Developer/Platforms/XROS.platform/Developer/usr/bin
PATH: /Applications/Xcode.app/Contents/Developer/Platforms/WatchOS.platform/Developer/usr/bin
PATH: /Applications/Xcode.app/Contents/Developer/Platforms/AppleTVOS.platform/Developer/usr/bin
PATH: /Users/home/.nvm/versions/node/v24.11.0/bin
PATH: /opt/homebrew/bin
PATH: /opt/homebrew/sbin
PATH: /System/Cryptexes/App/usr/bin
PATH: /usr/bin
PATH: /bin
PATH: /usr/sbin
PATH: /sbin
PATH: /var/run/com.apple.security.cryptexd/codex.system/bootstrap/usr/local/bin
PATH: /var/run/com.apple.security.cryptexd/codex.system/bootstrap/usr/bin
PATH: /var/run/com.apple.security.cryptexd/codex.system/bootstrap/usr/appleinternal/bin
PATH: /opt/pmk/env/global/bin
PATH: /Library/Apple/usr/bin
PATH: /Users/home/.local/bin


## ----------- ##
## Core tests. ##
## ----------- ##

configure:2785: checking for C++ compiler version
configure:2794: /usr/bin/clang++ -target arm64-apple-macos -std=c++17 -stdlib=libc++ --version >&5
Apple clang version 17.0.0 (clang-1700.4.4.1)
Target: arm64-apple-macos
Thread model: posix
InstalledDir: /Applications/Xcode.app/Contents/Developer/Toolchains/XcodeDefault.xctoolchain/usr/bin
configure:2805: $? = 0
configure:2794: /usr/bin/clang++ -target arm64-apple-macos -std=c++17 -stdlib=libc++ -v >&5
Apple clang version 17.0.0 (clang-1700.4.4.1)
Target: arm64-apple-macos
Thread model: posix
InstalledDir: /Applications/Xcode.app/Contents/Developer/Toolchains/XcodeDefault.xctoolchain/usr/bin
clang++: warning: argument unused during compilation: '-stdlib=libc++' [-Wunused-command-line-argument]
configure:2805: $? = 0
configure:2794: /usr/bin/clang++ -target arm64-apple-macos -std=c++17 -stdlib=libc++ -V >&5
clang++: error: argument to '-V' is missing (expected 1 value)
clang++: error: no input files
configure:2805: $? = 1
configure:2794: /usr/bin/clang++ -target arm64-apple-macos -std=c++17 -stdlib=libc++ -qversion >&5
clang++: error: unknown argument '-qversion'; did you mean '--version'?
clang++: error: no input files
configure:2805: $? = 1
configure:2825: checking whether the C++ compiler works
configure:2847: /usr/bin/clang++ -target arm64-apple-macos -std=c++17 -stdlib=libc++ -I/Users/home/GitHub/QLMarkdown/build/Debug/libpcre2/include -I/Users/home/GitHub/QLMarkdown -std=c++17 -stdlib=libc++ -target arm64-apple-macos11 -g -mmacosx-version-min=11   -target arm64-apple-macos11 conftest.cpp  >&5
configure:2851: $? = 0
configure:2899: result: yes
configure:2902: checking for C++ compiler default output file name
configure:2904: result: a.out
configure:2910: checking for suffix of executables
configure:2917: /usr/bin/clang++ -target arm64-apple-macos -std=c++17 -stdlib=libc++ -o conftest -I/Users/home/GitHub/QLMarkdown/build/Debug/libpcre2/include -I/Users/home/GitHub/QLMarkdown -std=c++17 -stdlib=libc++ -target arm64-apple-macos11 -g -mmacosx-version-min=11   -target arm64-apple-macos11 conftest.cpp  >&5
configure:2921: $? = 0
configure:2943: result: 
configure:2965: checking whether we are cross compiling
configure:2973: /usr/bin/clang++ -target arm64-apple-macos -std=c++17 -stdlib=libc++ -o conftest -I/Users/home/GitHub/QLMarkdown/build/Debug/libpcre2/include -I/Users/home/GitHub/QLMarkdown -std=c++17 -stdlib=libc++ -target arm64-apple-macos11 -g -mmacosx-version-min=11   -target arm64-apple-macos11 conftest.cpp  >&5
configure:2977: $? = 0
configure:2984: ./conftest
configure:2988: $? = 0
configure:3003: result: no
configure:3008: checking for suffix of object files
configure:3030: /usr/bin/clang++ -target arm64-apple-macos -std=c++17 -stdlib=libc++ -c -I/Users/home/GitHub/QLMarkdown/build/Debug/libpcre2/include -I/Users/home/GitHub/QLMarkdown -std=c++17 -stdlib=libc++ -target arm64-apple-macos11 -g -mmacosx-version-min=11  conftest.cpp >&5
configure:3034: $? = 0
configure:3055: result: o
configure:3059: checking whether we are using the GNU C++ compiler
configure:3078: /usr/bin/clang++ -target arm64-apple-macos -std=c++17 -stdlib=libc++ -c -I/Users/home/GitHub/QLMarkdown/build/Debug/libpcre2/include -I/Users/home/GitHub/QLMarkdown -std=c++17 -stdlib=libc++ -target arm64-apple-macos11 -g -mmacosx-version-min=11  conftest.cpp >&5
configure:3078: $? = 0
configure:3087: result: yes
configure:3096: checking whether /usr/bin/clang++ -target arm64-apple-macos -std=c++17 -stdlib=libc++ accepts -g
configure:3116: /usr/bin/clang++ -target arm64-apple-macos -std=c++17 -stdlib=libc++ -c -g  conftest.cpp >&5
configure:3116: $? = 0
configure:3157: result: yes
configure:3203: checking for a BSD-compatible install
configure:3271: result: /usr/bin/install -c
configure:3282: checking whether build environment is sane
configure:3337: result: yes
configure:3488: checking for a thread-safe mkdir -p
configure:3527: result: /Users/home/GitHub/QLMarkdown/dependencies/jpcre2/config/install-sh -c -d
configure:3534: checking for gawk
configure:3564: result: no
configure:3534: checking for mawk
configure:3564: result: no
configure:3534: checking for nawk
configure:3564: result: no
configure:3534: checking for awk
configure:3550: found /usr/bin/awk
configure:3561: result: awk
configure:3572: checking whether make sets $(MAKE)
configure:3594: result: yes
configure:3616: checking whether make supports the include directive
configure:3631: make -f confmf.GNU && cat confinc.out
this is the am__doit target
configure:3634: $? = 0
configure:3653: result: yes (GNU style)
configure:3686: checking whether make supports nested variables
configure:3703: result: yes
configure:3788: checking dependency style of /usr/bin/clang++ -target arm64-apple-macos -std=c++17 -stdlib=libc++
configure:3899: result: gcc3
configure:3964: checking how to run the C++ preprocessor
configure:3991: /usr/bin/clang++ -target arm64-apple-macos -std=c++17 -stdlib=libc++ -E  conftest.cpp
configure:3991: $? = 0
configure:4005: /usr/bin/clang++ -target arm64-apple-macos -std=c++17 -stdlib=libc++ -E  conftest.cpp
conftest.cpp:11:10: fatal error: 'ac_nonexistent.h' file not found
   11 | #include <ac_nonexistent.h>
      |          ^~~~~~~~~~~~~~~~~~
1 error generated.
configure:4005: $? = 1
configure: failed program was:
| /* confdefs.h */
| #define PACKAGE_NAME "jpcre2"
| #define PACKAGE_TARNAME "jpcre2"
| #define PACKAGE_VERSION "10.32.01"
| #define PACKAGE_STRING "jpcre2 10.32.01"
| #define PACKAGE_BUGREPORT "https://github.com/jpcre2/jpcre2/issues"
| #define PACKAGE_URL ""
| #define PACKAGE "jpcre2"
| #define VERSION "10.32.01"
| /* end confdefs.h.  */
| #include <ac_nonexistent.h>
configure:4030: result: /usr/bin/clang++ -target arm64-apple-macos -std=c++17 -stdlib=libc++ -E
configure:4050: /usr/bin/clang++ -target arm64-apple-macos -std=c++17 -stdlib=libc++ -E  conftest.cpp
configure:4050: $? = 0
configure:4064: /usr/bin/clang++ -target arm64-apple-macos -std=c++17 -stdlib=libc++ -E  conftest.cpp
conftest.cpp:11:10: fatal error: 'ac_nonexistent.h' file not found
   11 | #include <ac_nonexistent.h>
      |          ^~~~~~~~~~~~~~~~~~
1 error generated.
configure:4064: $? = 1
configure: failed program was:
| /* confdefs.h */
| #define PACKAGE_NAME "jpcre2"
| #define PACKAGE_TARNAME "jpcre2"
| #define PACKAGE_VERSION "10.32.01"
| #define PACKAGE_STRING "jpcre2 10.32.01"
| #define PACKAGE_BUGREPORT "https://github.com/jpcre2/jpcre2/issues"
| #define PACKAGE_URL ""
| #define PACKAGE "jpcre2"
| #define VERSION "10.32.01"
| /* end confdefs.h.  */
| #include <ac_nonexistent.h>
configure:4093: checking for grep that handles long lines and -e
configure:4151: result: /usr/bin/grep
configure:4156: checking for egrep
configure:4218: result: /usr/bin/grep -E
configure:4223: checking for ANSI C header files
configure:4243: /usr/bin/clang++ -target arm64-apple-macos -std=c++17 -stdlib=libc++ -c -I/Users/home/GitHub/QLMarkdown/build/Debug/libpcre2/include -I/Users/home/GitHub/QLMarkdown -std=c++17 -stdlib=libc++ -target arm64-apple-macos11 -g -mmacosx-version-min=11  conftest.cpp >&5
configure:4243: $? = 0
configure:4316: /usr/bin/clang++ -target arm64-apple-macos -std=c++17 -stdlib=libc++ -o conftest -I/Users/home/GitHub/QLMarkdown/build/Debug/libpcre2/include -I/Users/home/GitHub/QLMarkdown -std=c++17 -stdlib=libc++ -target arm64-apple-macos11 -g -mmacosx-version-min=11   -target arm64-apple-macos11 conftest.cpp  >&5
configure:4316: $? = 0
configure:4316: ./conftest
configure:4316: $? = 0
configure:4327: result: yes
configure:4340: checking for sys/types.h
configure:4340: /usr/bin/clang++ -target arm64-apple-macos -std=c++17 -stdlib=libc++ -c -I/Users/home/GitHub/QLMarkdown/build/Debug/libpcre2/include -I/Users/home/GitHub/QLMarkdown -std=c++17 -stdlib=libc++ -target arm64-apple-macos11 -g -mmacosx-version-min=11  conftest.cpp >&5
configure:4340: $? = 0
configure:4340: result: yes
configure:4340: checking for sys/stat.h
configure:4340: /usr/bin/clang++ -target arm64-apple-macos -std=c++17 -stdlib=libc++ -c -I/Users/home/GitHub/QLMarkdown/build/Debug/libpcre2/include -I/Users/home/GitHub/QLMarkdown -std=c++17 -stdlib=libc++ -target arm64-apple-macos11 -g -mmacosx-version-min=11  conftest.cpp >&5
configure:4340: $? = 0
configure:4340: result: yes
configure:4340: checking for stdlib.h
configure:4340: /usr/bin/clang++ -target arm64-apple-macos -std=c++17 -stdlib=libc++ -c -I/Users/home/GitHub/QLMarkdown/build/Debug/libpcre2/include -I/Users/home/GitHub/QLMarkdown -std=c++17 -stdlib=libc++ -target arm64-apple-macos11 -g -mmacosx-version-min=11  conftest.cpp >&5
configure:4340: $? = 0
configure:4340: result: yes
configure:4340: checking for string.h
configure:4340: /usr/bin/clang++ -target arm64-apple-macos -std=c++17 -stdlib=libc++ -c -I/Users/home/GitHub/QLMarkdown/build/Debug/libpcre2/include -I/Users/home/GitHub/QLMarkdown -std=c++17 -stdlib=libc++ -target arm64-apple-macos11 -g -mmacosx-version-min=11  conftest.cpp >&5
configure:4340: $? = 0
configure:4340: result: yes
configure:4340: checking for memory.h
configure:4340: /usr/bin/clang++ -target arm64-apple-macos -std=c++17 -stdlib=libc++ -c -I/Users/home/GitHub/QLMarkdown/build/Debug/libpcre2/include -I/Users/home/GitHub/QLMarkdown -std=c++17 -stdlib=libc++ -target arm64-apple-macos11 -g -mmacosx-version-min=11  conftest.cpp >&5
configure:4340: $? = 0
configure:4340: result: yes
configure:4340: checking for strings.h
configure:4340: /usr/bin/clang++ -target arm64-apple-macos -std=c++17 -stdlib=libc++ -c -I/Users/home/GitHub/QLMarkdown/build/Debug/libpcre2/include -I/Users/home/GitHub/QLMarkdown -std=c++17 -stdlib=libc++ -target arm64-apple-macos11 -g -mmacosx-version-min=11  conftest.cpp >&5
configure:4340: $? = 0
configure:4340: result: yes
configure:4340: checking for inttypes.h
configure:4340: /usr/bin/clang++ -target arm64-apple-macos -std=c++17 -stdlib=libc++ -c -I/Users/home/GitHub/QLMarkdown/build/Debug/libpcre2/include -I/Users/home/GitHub/QLMarkdown -std=c++17 -stdlib=libc++ -target arm64-apple-macos11 -g -mmacosx-version-min=11  conftest.cpp >&5
configure:4340: $? = 0
configure:4340: result: yes
configure:4340: checking for stdint.h
configure:4340: /usr/bin/clang++ -target arm64-apple-macos -std=c++17 -stdlib=libc++ -c -I/Users/home/GitHub/QLMarkdown/build/Debug/libpcre2/include -I/Users/home/GitHub/QLMarkdown -std=c++17 -stdlib=libc++ -target arm64-apple-macos11 -g -mmacosx-version-min=11  conftest.cpp >&5
configure:4340: $? = 0
configure:4340: result: yes
configure:4340: checking for unistd.h
configure:4340: /usr/bin/clang++ -target arm64-apple-macos -std=c++17 -stdlib=libc++ -c -I/Users/home/GitHub/QLMarkdown/build/Debug/libpcre2/include -I/Users/home/GitHub/QLMarkdown -std=c++17 -stdlib=libc++ -target arm64-apple-macos11 -g -mmacosx-version-min=11  conftest.cpp >&5
configure:4340: $? = 0
configure:4340: result: yes
configure:4352: checking for int64_t
configure:4352: /usr/bin/clang++ -target arm64-apple-macos -std=c++17 -stdlib=libc++ -c -I/Users/home/GitHub/QLMarkdown/build/Debug/libpcre2/include -I/Users/home/GitHub/QLMarkdown -std=c++17 -stdlib=libc++ -target arm64-apple-macos11 -g -mmacosx-version-min=11  conftest.cpp >&5
configure:4352: $? = 0
configure:4352: /usr/bin/clang++ -target arm64-apple-macos -std=c++17 -stdlib=libc++ -c -I/Users/home/GitHub/QLMarkdown/build/Debug/libpcre2/include -I/Users/home/GitHub/QLMarkdown -std=c++17 -stdlib=libc++ -target arm64-apple-macos11 -g -mmacosx-version-min=11  conftest.cpp >&5
conftest.cpp:58:24: warning: variable length arrays in C++ are a Clang extension [-Wvla-cxx-extension]
   58 | static int test_array [1 - 2 * !((int64_t) (((((int64_t) 1 << N) << N) - 1) * 2 + 1)
      |                        ^~~~~~~~~~~~~~~~~~~~~~~~~~~~~~~~~~~~~~~~~~~~~~~~~~~~~~~~~~~~~
   59 |                  < (int64_t) (((((int64_t) 1 << N) << N) - 1) * 2 + 2))];
      |                  ~~~~~~~~~~~~~~~~~~~~~~~~~~~~~~~~~~~~~~~~~~~~~~~~~~~~~~
conftest.cpp:59:53: note: value 9223372036854775808 is outside the range of representable values of type 'int64_t' (aka 'long long')
   59 |                  < (int64_t) (((((int64_t) 1 << N) << N) - 1) * 2 + 2))];
      |                                                                   ^
conftest.cpp:58:12: error: variable length array declaration cannot have 'static' storage duration
   58 | static int test_array [1 - 2 * !((int64_t) (((((int64_t) 1 << N) << N) - 1) * 2 + 1)
      |            ^           ~~~~~~~~~~~~~~~~~~~~~~~~~~~~~~~~~~~~~~~~~~~~~~~~~~~~~~~~~~~~~
   59 |                  < (int64_t) (((((int64_t) 1 << N) << N) - 1) * 2 + 2))];
      |                  ~~~~~~~~~~~~~~~~~~~~~~~~~~~~~~~~~~~~~~~~~~~~~~~~~~~~~~
1 warning and 1 error generated.
configure:4352: $? = 1
configure: failed program was:
| /* confdefs.h */
| #define PACKAGE_NAME "jpcre2"
| #define PACKAGE_TARNAME "jpcre2"
| #define PACKAGE_VERSION "10.32.01"
| #define PACKAGE_STRING "jpcre2 10.32.01"
| #define PACKAGE_BUGREPORT "https://github.com/jpcre2/jpcre2/issues"
| #define PACKAGE_URL ""
| #define PACKAGE "jpcre2"
| #define VERSION "10.32.01"
| #define STDC_HEADERS 1
| #define HAVE_SYS_TYPES_H 1
| #define HAVE_SYS_STAT_H 1
| #define HAVE_STDLIB_H 1
| #define HAVE_STRING_H 1
| #define HAVE_MEMORY_H 1
| #define HAVE_STRINGS_H 1
| #define HAVE_INTTYPES_H 1
| #define HAVE_STDINT_H 1
| #define HAVE_UNISTD_H 1
| /* end confdefs.h.  */
| #include <stdio.h>
| #ifdef HAVE_SYS_TYPES_H
| # include <sys/types.h>
| #endif
| #ifdef HAVE_SYS_STAT_H
| # include <sys/stat.h>
| #endif
| #ifdef STDC_HEADERS
| # include <stdlib.h>
| # include <stddef.h>
| #else
| # ifdef HAVE_STDLIB_H
| #  include <stdlib.h>
| # endif
| #endif
| #ifdef HAVE_STRING_H
| # if !defined STDC_HEADERS && defined HAVE_MEMORY_H
| #  include <memory.h>
| # endif
| # include <string.h>
| #endif
| #ifdef HAVE_STRINGS_H
| # include <strings.h>
| #endif
| #ifdef HAVE_INTTYPES_H
| # include <inttypes.h>
| #endif
| #ifdef HAVE_STDINT_H
| # include <stdint.h>
| #endif
| #ifdef HAVE_UNISTD_H
| # include <unistd.h>
| #endif
| 	        enum { N = 64 / 2 - 1 };
| int
| main ()
| {
| static int test_array [1 - 2 * !((int64_t) (((((int64_t) 1 << N) << N) - 1) * 2 + 1)
| 		 < (int64_t) (((((int64_t) 1 << N) << N) - 1) * 2 + 2))];
| test_array [0] = 0;
| return test_array [0];
| 
|   ;
|   return 0;
| }
configure:4352: result: yes
configure:4397: checking build system type
configure:4411: result: arm-apple-darwin25.1.0
configure:4431: checking host system type
configure:4444: result: aarch64-apple-darwin
configure:4485: checking how to print strings
configure:4512: result: printf
configure:4541: checking for aarch64-apple-darwin-gcc
configure:4571: result: no
configure:4581: checking for gcc
configure:4597: found /Applications/Xcode.app/Contents/Developer/usr/bin/gcc
configure:4608: result: gcc
configure:4837: checking for C compiler version
configure:4846: gcc --version >&5
Apple clang version 17.0.0 (clang-1700.4.4.1)
Target: arm64-apple-darwin25.1.0
Thread model: posix
InstalledDir: /Applications/Xcode.app/Contents/Developer/Toolchains/XcodeDefault.xctoolchain/usr/bin
configure:4857: $? = 0
configure:4846: gcc -v >&5
Apple clang version 17.0.0 (clang-1700.4.4.1)
Target: arm64-apple-darwin25.1.0
Thread model: posix
InstalledDir: /Applications/Xcode.app/Contents/Developer/Toolchains/XcodeDefault.xctoolchain/usr/bin
configure:4857: $? = 0
configure:4846: gcc -V >&5
clang: error: argument to '-V' is missing (expected 1 value)
clang: error: no input files
configure:4857: $? = 1
configure:4846: gcc -qversion >&5
clang: error: unknown argument '-qversion'; did you mean '--version'?
clang: error: no input files
configure:4857: $? = 1
configure:4861: checking whether we are using the GNU C compiler
configure:4880: gcc -c   conftest.c >&5
configure:4880: $? = 0
configure:4889: result: yes
configure:4898: checking whether gcc accepts -g
configure:4918: gcc -c -g  conftest.c >&5
configure:4918: $? = 0
configure:4959: result: yes
configure:4976: checking for gcc option to accept ISO C89
configure:5039: gcc  -c -g -O2  conftest.c >&5
conftest.c:27:14: warning: a function definition without a prototype is deprecated in all versions of C and is not supported in C23 [-Wdeprecated-non-prototype]
   27 | static char *e (p, i)
      |              ^
1 warning generated.
configure:5039: $? = 0
configure:5052: result: none needed
configure:5077: checking whether gcc understands -c and -o together
configure:5099: gcc -c conftest.c -o conftest2.o
configure:5102: $? = 0
configure:5099: gcc -c conftest.c -o conftest2.o
configure:5102: $? = 0
configure:5114: result: yes
configure:5133: checking dependency style of gcc
configure:5244: result: gcc3
configure:5259: checking for a sed that does not truncate output
configure:5323: result: /usr/bin/sed
configure:5341: checking for fgrep
configure:5403: result: /usr/bin/grep -F
configure:5438: checking for ld used by gcc
configure:5505: result: /Applications/Xcode.app/Contents/Developer/Toolchains/XcodeDefault.xctoolchain/usr/bin/ld
configure:5512: checking if the linker (/Applications/Xcode.app/Contents/Developer/Toolchains/XcodeDefault.xctoolchain/usr/bin/ld) is GNU ld
configure:5527: result: no
configure:5539: checking for BSD- or MS-compatible name lister (nm)
configure:5593: result: no
configure:5607: checking for aarch64-apple-darwin-dumpbin
configure:5637: result: no
configure:5607: checking for aarch64-apple-darwin-link
configure:5637: result: no
configure:5651: checking for dumpbin
configure:5681: result: no
configure:5651: checking for link
configure:5667: found /bin/link
configure:5678: result: link -dump
configure:5723: checking the name lister (nm) interface
configure:5730: /usr/bin/clang++ -target arm64-apple-macos -std=c++17 -stdlib=libc++ -c -I/Users/home/GitHub/QLMarkdown/build/Debug/libpcre2/include -I/Users/home/GitHub/QLMarkdown -std=c++17 -stdlib=libc++ -target arm64-apple-macos11 -g -mmacosx-version-min=11  conftest.cpp >&5
configure:5733: nm "conftest.o"
configure:5736: output
0000000000000268 S _some_variable
0000000000000000 t ltmp0
0000000000000268 s ltmp1
configure:5743: result: BSD nm
configure:5746: checking whether ln -s works
configure:5750: result: yes
configure:5758: checking the maximum length of command line arguments
configure:5889: result: 786432
configure:5937: checking how to convert arm-apple-darwin25.1.0 file names to aarch64-apple-darwin format
configure:5977: result: func_convert_file_noop
configure:5984: checking how to convert arm-apple-darwin25.1.0 file names to toolchain format
configure:6004: result: func_convert_file_noop
configure:6011: checking for /Applications/Xcode.app/Contents/Developer/Toolchains/XcodeDefault.xctoolchain/usr/bin/ld option to reload object files
configure:6018: result: -r
configure:6052: checking for aarch64-apple-darwin-objdump
configure:6082: result: no
configure:6092: checking for objdump
configure:6108: found /Applications/Xcode.app/Contents/Developer/Toolchains/XcodeDefault.xctoolchain/usr/bin/objdump
configure:6119: result: objdump
configure:6151: checking how to recognize dependent libraries
configure:6351: result: pass_all
configure:6396: checking for aarch64-apple-darwin-dlltool
configure:6426: result: no
configure:6436: checking for dlltool
configure:6466: result: no
configure:6496: checking how to associate runtime and link libraries
configure:6523: result: printf %s\n
configure:6539: checking for aarch64-apple-darwin-ar
configure:6569: result: no
configure:6583: checking for ar
configure:6599: found /Applications/Xcode.app/Contents/Developer/Toolchains/XcodeDefault.xctoolchain/usr/bin/ar
configure:6610: result: ar
configure:6647: checking for archiver @FILE support
configure:6664: /usr/bin/clang++ -target arm64-apple-macos -std=c++17 -stdlib=libc++ -c -I/Users/home/GitHub/QLMarkdown/build/Debug/libpcre2/include -I/Users/home/GitHub/QLMarkdown -std=c++17 -stdlib=libc++ -target arm64-apple-macos11 -g -mmacosx-version-min=11  conftest.cpp >&5
configure:6664: $? = 0
configure:6667: ar cru libconftest.a @conftest.lst >&5
ar: @conftest.lst: No such file or directory
configure:6670: $? = 1
configure:6690: result: no
configure:6708: checking for aarch64-apple-darwin-strip
configure:6738: result: no
configure:6748: checking for strip
configure:6764: found /Applications/Xcode.app/Contents/Developer/Toolchains/XcodeDefault.xctoolchain/usr/bin/strip
configure:6775: result: strip
configure:6807: checking for aarch64-apple-darwin-ranlib
configure:6837: result: no
configure:6847: checking for ranlib
configure:6863: found /Applications/Xcode.app/Contents/Developer/Toolchains/XcodeDefault.xctoolchain/usr/bin/ranlib
configure:6874: result: ranlib
configure:6976: checking command to parse nm output from gcc object
configure:7129: /usr/bin/clang++ -target arm64-apple-macos -std=c++17 -stdlib=libc++ -c -I/Users/home/GitHub/QLMarkdown/build/Debug/libpcre2/include -I/Users/home/GitHub/QLMarkdown -std=c++17 -stdlib=libc++ -target arm64-apple-macos11 -g -mmacosx-version-min=11  conftest.cpp >&5
configure:7132: $? = 0
configure:7136: nm conftest.o \| sed -n -e 's/^.*[ ]\([ABCDGIRSTW][ABCDGIRSTW]*\)[ ][ ]*\([_A-Za-z][_A-Za-z0-9]*\)$/\1 \2 \2/p' | sed '/ __gnu_lto/d' \> conftest.nm
configure:7139: $? = 0
cannot find nm_test_var in conftest.nm
configure:7129: /usr/bin/clang++ -target arm64-apple-macos -std=c++17 -stdlib=libc++ -c -I/Users/home/GitHub/QLMarkdown/build/Debug/libpcre2/include -I/Users/home/GitHub/QLMarkdown -std=c++17 -stdlib=libc++ -target arm64-apple-macos11 -g -mmacosx-version-min=11  conftest.cpp >&5
configure:7132: $? = 0
configure:7136: nm conftest.o \| sed -n -e 's/^.*[ ]\([ABCDGIRSTW][ABCDGIRSTW]*\)[ ][ ]*_\([_A-Za-z][_A-Za-z0-9]*\)$/\1 _\2 \2/p' | sed '/ __gnu_lto/d' \> conftest.nm
configure:7139: $? = 0
configure:7205: /usr/bin/clang++ -target arm64-apple-macos -std=c++17 -stdlib=libc++ -o conftest -I/Users/home/GitHub/QLMarkdown/build/Debug/libpcre2/include -I/Users/home/GitHub/QLMarkdown -std=c++17 -stdlib=libc++ -target arm64-apple-macos11 -g -mmacosx-version-min=11   -target arm64-apple-macos11 conftest.cpp conftstm.o >&5
configure:7208: $? = 0
configure:7246: result: ok
configure:7293: checking for sysroot
configure:7323: result: no
configure:7330: checking for a working dd
configure:7368: result: /bin/dd
configure:7372: checking how to truncate binary pipes
configure:7387: result: /bin/dd bs=4096 count=1
configure:7677: checking for aarch64-apple-darwin-mt
configure:7707: result: no
configure:7717: checking for mt
configure:7747: result: no
configure:7767: checking if : is a manifest tool
configure:7773: : '-?'
configure:7781: result: no
configure:7797: checking for aarch64-apple-darwin-dsymutil
configure:7827: result: no
configure:7837: checking for dsymutil
configure:7853: found /Applications/Xcode.app/Contents/Developer/Toolchains/XcodeDefault.xctoolchain/usr/bin/dsymutil
configure:7864: result: dsymutil
configure:7889: checking for aarch64-apple-darwin-nmedit
configure:7919: result: no
configure:7929: checking for nmedit
configure:7945: found /Applications/Xcode.app/Contents/Developer/Toolchains/XcodeDefault.xctoolchain/usr/bin/nmedit
configure:7956: result: nmedit
configure:7981: checking for aarch64-apple-darwin-lipo
configure:8011: result: no
configure:8021: checking for lipo
configure:8037: found /Applications/Xcode.app/Contents/Developer/Toolchains/XcodeDefault.xctoolchain/usr/bin/lipo
configure:8048: result: lipo
configure:8073: checking for aarch64-apple-darwin-otool
configure:8103: result: no
configure:8113: checking for otool
configure:8129: found /Applications/Xcode.app/Contents/Developer/Toolchains/XcodeDefault.xctoolchain/usr/bin/otool
configure:8140: result: otool
configure:8165: checking for aarch64-apple-darwin-otool64
configure:8195: result: no
configure:8205: checking for otool64
configure:8235: result: no
configure:8280: checking for -single_module linker flag
gcc -g -O2  -target arm64-apple-macos11 -o libconftest.dylib -dynamiclib -Wl,-single_module conftest.c
ld: warning: -single_module is obsolete
configure:8313: result: no
configure:8316: checking for -exported_symbols_list linker flag
configure:8336: /usr/bin/clang++ -target arm64-apple-macos -std=c++17 -stdlib=libc++ -o conftest -I/Users/home/GitHub/QLMarkdown/build/Debug/libpcre2/include -I/Users/home/GitHub/QLMarkdown -std=c++17 -stdlib=libc++ -target arm64-apple-macos11 -g -mmacosx-version-min=11   -target arm64-apple-macos11 -Wl,-exported_symbols_list,conftest.sym conftest.cpp  >&5
configure:8336: $? = 0
configure:8346: result: yes
configure:8349: checking for -force_load linker flag
gcc -g -O2 -c -o conftest.o conftest.c
ar cru libconftest.a conftest.o
ranlib libconftest.a
gcc -g -O2  -target arm64-apple-macos11 -o conftest conftest.c -Wl,-force_load,./libconftest.a
configure:8381: result: yes
configure:8455: checking for dlfcn.h
configure:8455: /usr/bin/clang++ -target arm64-apple-macos -std=c++17 -stdlib=libc++ -c -I/Users/home/GitHub/QLMarkdown/build/Debug/libpcre2/include -I/Users/home/GitHub/QLMarkdown -std=c++17 -stdlib=libc++ -target arm64-apple-macos11 -g -mmacosx-version-min=11  conftest.cpp >&5
configure:8455: $? = 0
configure:8455: result: yes
configure:8720: checking for objdir
configure:8735: result: .libs
configure:8999: checking if gcc supports -fno-rtti -fno-exceptions
configure:9017: gcc -c -g -O2  -fno-rtti -fno-exceptions conftest.c >&5
configure:9021: $? = 0
configure:9034: result: yes
configure:9392: checking for gcc option to produce PIC
configure:9399: result: -fno-common -DPIC
configure:9407: checking if gcc PIC flag -fno-common -DPIC works
configure:9425: gcc -c -g -O2  -fno-common -DPIC -DPIC conftest.c >&5
configure:9429: $? = 0
configure:9442: result: yes
configure:9471: checking if gcc static flag -static works
configure:9499: result: no
configure:9514: checking if gcc supports -c -o file.o
configure:9535: gcc -c -g -O2  -o out/conftest2.o conftest.c >&5
configure:9539: $? = 0
configure:9561: result: yes
configure:9569: checking if gcc supports -c -o file.o
configure:9616: result: yes
configure:9649: checking whether the gcc linker (/Applications/Xcode.app/Contents/Developer/Toolchains/XcodeDefault.xctoolchain/usr/bin/ld) supports shared libraries
configure:10912: result: yes
configure:11152: checking dynamic linker characteristics
configure:11982: result: darwin dyld
configure:12104: checking how to hardcode library paths into programs
configure:12129: result: immediate
configure:12677: checking whether stripping libraries is possible
configure:12691: result: yes
configure:12717: checking if libtool supports shared libraries
configure:12719: result: yes
configure:12722: checking whether to build shared libraries
configure:12747: result: yes
configure:12750: checking whether to build static libraries
configure:12754: result: yes
configure:12777: checking how to run the C++ preprocessor
configure:12843: result: /usr/bin/clang++ -target arm64-apple-macos -std=c++17 -stdlib=libc++ -E
configure:12863: /usr/bin/clang++ -target arm64-apple-macos -std=c++17 -stdlib=libc++ -E  conftest.cpp
configure:12863: $? = 0
configure:12877: /usr/bin/clang++ -target arm64-apple-macos -std=c++17 -stdlib=libc++ -E  conftest.cpp
conftest.cpp:23:10: fatal error: 'ac_nonexistent.h' file not found
   23 | #include <ac_nonexistent.h>
      |          ^~~~~~~~~~~~~~~~~~
1 error generated.
configure:12877: $? = 1
configure: failed program was:
| /* confdefs.h */
| #define PACKAGE_NAME "jpcre2"
| #define PACKAGE_TARNAME "jpcre2"
| #define PACKAGE_VERSION "10.32.01"
| #define PACKAGE_STRING "jpcre2 10.32.01"
| #define PACKAGE_BUGREPORT "https://github.com/jpcre2/jpcre2/issues"
| #define PACKAGE_URL ""
| #define PACKAGE "jpcre2"
| #define VERSION "10.32.01"
| #define STDC_HEADERS 1
| #define HAVE_SYS_TYPES_H 1
| #define HAVE_SYS_STAT_H 1
| #define HAVE_STDLIB_H 1
| #define HAVE_STRING_H 1
| #define HAVE_MEMORY_H 1
| #define HAVE_STRINGS_H 1
| #define HAVE_INTTYPES_H 1
| #define HAVE_STDINT_H 1
| #define HAVE_UNISTD_H 1
| #define HAVE_DLFCN_H 1
| #define LT_OBJDIR ".libs/"
| /* end confdefs.h.  */
| #include <ac_nonexistent.h>
configure:13039: checking for ld used by /usr/bin/clang++ -target arm64-apple-macos -std=c++17 -stdlib=libc++
configure:13106: result: /Applications/Xcode.app/Contents/Developer/Toolchains/XcodeDefault.xctoolchain/usr/bin/ld
configure:13113: checking if the linker (/Applications/Xcode.app/Contents/Developer/Toolchains/XcodeDefault.xctoolchain/usr/bin/ld) is GNU ld
configure:13128: result: no
configure:13183: checking whether the /usr/bin/clang++ -target arm64-apple-macos -std=c++17 -stdlib=libc++ linker (/Applications/Xcode.app/Contents/Developer/Toolchains/XcodeDefault.xctoolchain/usr/bin/ld) supports shared libraries
configure:14256: result: yes
configure:14292: /usr/bin/clang++ -target arm64-apple-macos -std=c++17 -stdlib=libc++ -c -I/Users/home/GitHub/QLMarkdown/build/Debug/libpcre2/include -I/Users/home/GitHub/QLMarkdown -std=c++17 -stdlib=libc++ -target arm64-apple-macos11 -g -mmacosx-version-min=11  conftest.cpp >&5
configure:14295: $? = 0
configure:14776: checking for /usr/bin/clang++ -target arm64-apple-macos -std=c++17 -stdlib=libc++ option to produce PIC
configure:14783: result: -fno-common -DPIC
configure:14791: checking if /usr/bin/clang++ -target arm64-apple-macos -std=c++17 -stdlib=libc++ PIC flag -fno-common -DPIC works
configure:14809: /usr/bin/clang++ -target arm64-apple-macos -std=c++17 -stdlib=libc++ -c -I/Users/home/GitHub/QLMarkdown/build/Debug/libpcre2/include -I/Users/home/GitHub/QLMarkdown -std=c++17 -stdlib=libc++ -target arm64-apple-macos11 -g -mmacosx-version-min=11  -fno-common -DPIC -DPIC conftest.cpp >&5
configure:14813: $? = 0
configure:14826: result: yes
configure:14849: checking if /usr/bin/clang++ -target arm64-apple-macos -std=c++17 -stdlib=libc++ static flag -static works
configure:14877: result: no
configure:14889: checking if /usr/bin/clang++ -target arm64-apple-macos -std=c++17 -stdlib=libc++ supports -c -o file.o
configure:14910: /usr/bin/clang++ -target arm64-apple-macos -std=c++17 -stdlib=libc++ -c -I/Users/home/GitHub/QLMarkdown/build/Debug/libpcre2/include -I/Users/home/GitHub/QLMarkdown -std=c++17 -stdlib=libc++ -target arm64-apple-macos11 -g -mmacosx-version-min=11  -o out/conftest2.o conftest.cpp >&5
configure:14914: $? = 0
configure:14936: result: yes
configure:14941: checking if /usr/bin/clang++ -target arm64-apple-macos -std=c++17 -stdlib=libc++ supports -c -o file.o
configure:14988: result: yes
configure:15018: checking whether the /usr/bin/clang++ -target arm64-apple-macos -std=c++17 -stdlib=libc++ linker (/Applications/Xcode.app/Contents/Developer/Toolchains/XcodeDefault.xctoolchain/usr/bin/ld) supports shared libraries
configure:15061: result: yes
configure:15202: checking dynamic linker characteristics
configure:15959: result: darwin dyld
configure:16024: checking how to hardcode library paths into programs
configure:16049: result: immediate
configure:16113: checking for stdbool.h that conforms to C99
configure:16180: /usr/bin/clang++ -target arm64-apple-macos -std=c++17 -stdlib=libc++ -c -I/Users/home/GitHub/QLMarkdown/build/Debug/libpcre2/include -I/Users/home/GitHub/QLMarkdown -std=c++17 -stdlib=libc++ -target arm64-apple-macos11 -g -mmacosx-version-min=11  conftest.cpp >&5
conftest.cpp:26:15: error: expected unqualified-id
   26 |               "error: bool is not defined"
      |               ^
conftest.cpp:44:48: error: a type specifier is required for all declarations
   44 |              struct s { _Bool s: 1; _Bool t; } s;
      |                                                ^
conftest.cpp:51:22: error: use of undeclared identifier '_Bool'
   51 |              char f[(_Bool) 0.0 == false ? 1 : -1];
      |                      ^
conftest.cpp:53:29: error: use of undeclared identifier '_Bool'
   53 |              char h[sizeof (_Bool)];
      |                             ^
conftest.cpp:58:14: error: unknown type name '_Bool'
   58 |              _Bool n[m];
      |              ^
conftest.cpp:60:27: error: use of undeclared identifier '_Bool'
   60 |              char p[-1 - (_Bool) 0 < 0 && -1 - (bool) 0 < 0 ? 1 : -1];
      |                           ^
conftest.cpp:65:14: error: unknown type name '_Bool'
   65 |              _Bool q = true;
      |              ^
conftest.cpp:66:14: error: unknown type name '_Bool'
   66 |              _Bool *pq = &q;
      |              ^
8 errors generated.
configure:16180: $? = 1
configure: failed program was:
| /* confdefs.h */
| #define PACKAGE_NAME "jpcre2"
| #define PACKAGE_TARNAME "jpcre2"
| #define PACKAGE_VERSION "10.32.01"
| #define PACKAGE_STRING "jpcre2 10.32.01"
| #define PACKAGE_BUGREPORT "https://github.com/jpcre2/jpcre2/issues"
| #define PACKAGE_URL ""
| #define PACKAGE "jpcre2"
| #define VERSION "10.32.01"
| #define STDC_HEADERS 1
| #define HAVE_SYS_TYPES_H 1
| #define HAVE_SYS_STAT_H 1
| #define HAVE_STDLIB_H 1
| #define HAVE_STRING_H 1
| #define HAVE_MEMORY_H 1
| #define HAVE_STRINGS_H 1
| #define HAVE_INTTYPES_H 1
| #define HAVE_STDINT_H 1
| #define HAVE_UNISTD_H 1
| #define HAVE_DLFCN_H 1
| #define LT_OBJDIR ".libs/"
| /* end confdefs.h.  */
| 
|              #include <stdbool.h>
|              #ifndef bool
|               "error: bool is not defined"
|              #endif
|              #ifndef false
|               "error: false is not defined"
|              #endif
|              #if false
|               "error: false is not 0"
|              #endif
|              #ifndef true
|               "error: true is not defined"
|              #endif
|              #if true != 1
|               "error: true is not 1"
|              #endif
|              #ifndef __bool_true_false_are_defined
|               "error: __bool_true_false_are_defined is not defined"
|              #endif
| 
|              struct s { _Bool s: 1; _Bool t; } s;
| 
|              char a[true == 1 ? 1 : -1];
|              char b[false == 0 ? 1 : -1];
|              char c[__bool_true_false_are_defined == 1 ? 1 : -1];
|              char d[(bool) 0.5 == true ? 1 : -1];
|              /* See body of main program for 'e'.  */
|              char f[(_Bool) 0.0 == false ? 1 : -1];
|              char g[true];
|              char h[sizeof (_Bool)];
|              char i[sizeof s.t];
|              enum { j = false, k = true, l = false * true, m = true * 256 };
|              /* The following fails for
|                 HP aC++/ANSI C B3910B A.05.55 [Dec 04 2003]. */
|              _Bool n[m];
|              char o[sizeof n == m * sizeof n[0] ? 1 : -1];
|              char p[-1 - (_Bool) 0 < 0 && -1 - (bool) 0 < 0 ? 1 : -1];
|              /* Catch a bug in an HP-UX C compiler.  See
|                 http://gcc.gnu.org/ml/gcc-patches/2003-12/msg02303.html
|                 http://lists.gnu.org/archive/html/bug-coreutils/2005-11/msg00161.html
|               */
|              _Bool q = true;
|              _Bool *pq = &q;
| 
| int
| main ()
| {
| 
|              bool e = &s;
|              *pq |= q;
|              *pq |= ! q;
|              /* Refer to every declared value, to avoid compiler optimizations.  */
|              return (!a + !b + !c + !d + !e + !f + !g + !h + !i + !!j + !k + !!l
|                      + !m + !n + !o + !p + !q + !pq);
| 
|   ;
|   return 0;
| }
configure:16187: result: no
configure:16189: checking for _Bool
configure:16189: /usr/bin/clang++ -target arm64-apple-macos -std=c++17 -stdlib=libc++ -c -I/Users/home/GitHub/QLMarkdown/build/Debug/libpcre2/include -I/Users/home/GitHub/QLMarkdown -std=c++17 -stdlib=libc++ -target arm64-apple-macos11 -g -mmacosx-version-min=11  conftest.cpp >&5
conftest.cpp:59:13: error: use of undeclared identifier '_Bool'
   59 | if (sizeof (_Bool))
      |             ^
1 error generated.
configure:16189: $? = 1
configure: failed program was:
| /* confdefs.h */
| #define PACKAGE_NAME "jpcre2"
| #define PACKAGE_TARNAME "jpcre2"
| #define PACKAGE_VERSION "10.32.01"
| #define PACKAGE_STRING "jpcre2 10.32.01"
| #define PACKAGE_BUGREPORT "https://github.com/jpcre2/jpcre2/issues"
| #define PACKAGE_URL ""
| #define PACKAGE "jpcre2"
| #define VERSION "10.32.01"
| #define STDC_HEADERS 1
| #define HAVE_SYS_TYPES_H 1
| #define HAVE_SYS_STAT_H 1
| #define HAVE_STDLIB_H 1
| #define HAVE_STRING_H 1
| #define HAVE_MEMORY_H 1
| #define HAVE_STRINGS_H 1
| #define HAVE_INTTYPES_H 1
| #define HAVE_STDINT_H 1
| #define HAVE_UNISTD_H 1
| #define HAVE_DLFCN_H 1
| #define LT_OBJDIR ".libs/"
| /* end confdefs.h.  */
| #include <stdio.h>
| #ifdef HAVE_SYS_TYPES_H
| # include <sys/types.h>
| #endif
| #ifdef HAVE_SYS_STAT_H
| # include <sys/stat.h>
| #endif
| #ifdef STDC_HEADERS
| # include <stdlib.h>
| # include <stddef.h>
| #else
| # ifdef HAVE_STDLIB_H
| #  include <stdlib.h>
| # endif
| #endif
| #ifdef HAVE_STRING_H
| # if !defined STDC_HEADERS && defined HAVE_MEMORY_H
| #  include <memory.h>
| # endif
| # include <string.h>
| #endif
| #ifdef HAVE_STRINGS_H
| # include <strings.h>
| #endif
| #ifdef HAVE_INTTYPES_H
| # include <inttypes.h>
| #endif
| #ifdef HAVE_STDINT_H
| # include <stdint.h>
| #endif
| #ifdef HAVE_UNISTD_H
| # include <unistd.h>
| #endif
| int
| main ()
| {
| if (sizeof (_Bool))
| 	 return 0;
|   ;
|   return 0;
| }
configure:16189: result: no
configure:16200: checking for inline
configure:16216: /usr/bin/clang++ -target arm64-apple-macos -std=c++17 -stdlib=libc++ -c -I/Users/home/GitHub/QLMarkdown/build/Debug/libpcre2/include -I/Users/home/GitHub/QLMarkdown -std=c++17 -stdlib=libc++ -target arm64-apple-macos11 -g -mmacosx-version-min=11  conftest.cpp >&5
configure:16216: $? = 0
configure:16224: result: inline
configure:16242: checking for size_t
configure:16242: /usr/bin/clang++ -target arm64-apple-macos -std=c++17 -stdlib=libc++ -c -I/Users/home/GitHub/QLMarkdown/build/Debug/libpcre2/include -I/Users/home/GitHub/QLMarkdown -std=c++17 -stdlib=libc++ -target arm64-apple-macos11 -g -mmacosx-version-min=11  conftest.cpp >&5
configure:16242: $? = 0
configure:16242: /usr/bin/clang++ -target arm64-apple-macos -std=c++17 -stdlib=libc++ -c -I/Users/home/GitHub/QLMarkdown/build/Debug/libpcre2/include -I/Users/home/GitHub/QLMarkdown -std=c++17 -stdlib=libc++ -target arm64-apple-macos11 -g -mmacosx-version-min=11  conftest.cpp >&5
conftest.cpp:59:21: error: expected expression
   59 | if (sizeof ((size_t)))
      |                     ^
1 error generated.
configure:16242: $? = 1
configure: failed program was:
| /* confdefs.h */
| #define PACKAGE_NAME "jpcre2"
| #define PACKAGE_TARNAME "jpcre2"
| #define PACKAGE_VERSION "10.32.01"
| #define PACKAGE_STRING "jpcre2 10.32.01"
| #define PACKAGE_BUGREPORT "https://github.com/jpcre2/jpcre2/issues"
| #define PACKAGE_URL ""
| #define PACKAGE "jpcre2"
| #define VERSION "10.32.01"
| #define STDC_HEADERS 1
| #define HAVE_SYS_TYPES_H 1
| #define HAVE_SYS_STAT_H 1
| #define HAVE_STDLIB_H 1
| #define HAVE_STRING_H 1
| #define HAVE_MEMORY_H 1
| #define HAVE_STRINGS_H 1
| #define HAVE_INTTYPES_H 1
| #define HAVE_STDINT_H 1
| #define HAVE_UNISTD_H 1
| #define HAVE_DLFCN_H 1
| #define LT_OBJDIR ".libs/"
| /* end confdefs.h.  */
| #include <stdio.h>
| #ifdef HAVE_SYS_TYPES_H
| # include <sys/types.h>
| #endif
| #ifdef HAVE_SYS_STAT_H
| # include <sys/stat.h>
| #endif
| #ifdef STDC_HEADERS
| # include <stdlib.h>
| # include <stddef.h>
| #else
| # ifdef HAVE_STDLIB_H
| #  include <stdlib.h>
| # endif
| #endif
| #ifdef HAVE_STRING_H
| # if !defined STDC_HEADERS && defined HAVE_MEMORY_H
| #  include <memory.h>
| # endif
| # include <string.h>
| #endif
| #ifdef HAVE_STRINGS_H
| # include <strings.h>
| #endif
| #ifdef HAVE_INTTYPES_H
| # include <inttypes.h>
| #endif
| #ifdef HAVE_STDINT_H
| # include <stdint.h>
| #endif
| #ifdef HAVE_UNISTD_H
| # include <unistd.h>
| #endif
| int
| main ()
| {
| if (sizeof ((size_t)))
| 	    return 0;
|   ;
|   return 0;
| }
configure:16242: result: yes
configure:16253: checking for uint32_t
configure:16253: /usr/bin/clang++ -target arm64-apple-macos -std=c++17 -stdlib=libc++ -c -I/Users/home/GitHub/QLMarkdown/build/Debug/libpcre2/include -I/Users/home/GitHub/QLMarkdown -std=c++17 -stdlib=libc++ -target arm64-apple-macos11 -g -mmacosx-version-min=11  conftest.cpp >&5
configure:16253: $? = 0
configure:16253: result: yes
configure:16268: checking for pcre2.h
configure:16268: /usr/bin/clang++ -target arm64-apple-macos -std=c++17 -stdlib=libc++ -c -I/Users/home/GitHub/QLMarkdown/build/Debug/libpcre2/include -I/Users/home/GitHub/QLMarkdown -std=c++17 -stdlib=libc++ -target arm64-apple-macos11 -g -mmacosx-version-min=11  conftest.cpp >&5
configure:16268: $? = 0
configure:16268: result: yes
configure:16282: checking string usability
configure:16282: /usr/bin/clang++ -target arm64-apple-macos -std=c++17 -stdlib=libc++ -c -I/Users/home/GitHub/QLMarkdown/build/Debug/libpcre2/include -I/Users/home/GitHub/QLMarkdown -std=c++17 -stdlib=libc++ -target arm64-apple-macos11 -g -mmacosx-version-min=11  conftest.cpp >&5
configure:16282: $? = 0
configure:16282: result: yes
configure:16282: checking string presence
configure:16282: /usr/bin/clang++ -target arm64-apple-macos -std=c++17 -stdlib=libc++ -E  conftest.cpp
configure:16282: $? = 0
configure:16282: result: yes
configure:16282: checking for string
configure:16282: result: yes
configure:16282: checking vector usability
configure:16282: /usr/bin/clang++ -target arm64-apple-macos -std=c++17 -stdlib=libc++ -c -I/Users/home/GitHub/QLMarkdown/build/Debug/libpcre2/include -I/Users/home/GitHub/QLMarkdown -std=c++17 -stdlib=libc++ -target arm64-apple-macos11 -g -mmacosx-version-min=11  conftest.cpp >&5
configure:16282: $? = 0
configure:16282: result: yes
configure:16282: checking vector presence
configure:16282: /usr/bin/clang++ -target arm64-apple-macos -std=c++17 -stdlib=libc++ -E  conftest.cpp
configure:16282: $? = 0
configure:16282: result: yes
configure:16282: checking for vector
configure:16282: result: yes
configure:16282: checking map usability
configure:16282: /usr/bin/clang++ -target arm64-apple-macos -std=c++17 -stdlib=libc++ -c -I/Users/home/GitHub/QLMarkdown/build/Debug/libpcre2/include -I/Users/home/GitHub/QLMarkdown -std=c++17 -stdlib=libc++ -target arm64-apple-macos11 -g -mmacosx-version-min=11  conftest.cpp >&5
configure:16282: $? = 0
configure:16282: result: yes
configure:16282: checking map presence
configure:16282: /usr/bin/clang++ -target arm64-apple-macos -std=c++17 -stdlib=libc++ -E  conftest.cpp
configure:16282: $? = 0
configure:16282: result: yes
configure:16282: checking for map
configure:16282: result: yes
configure:16282: checking cstdio usability
configure:16282: /usr/bin/clang++ -target arm64-apple-macos -std=c++17 -stdlib=libc++ -c -I/Users/home/GitHub/QLMarkdown/build/Debug/libpcre2/include -I/Users/home/GitHub/QLMarkdown -std=c++17 -stdlib=libc++ -target arm64-apple-macos11 -g -mmacosx-version-min=11  conftest.cpp >&5
configure:16282: $? = 0
configure:16282: result: yes
configure:16282: checking cstdio presence
configure:16282: /usr/bin/clang++ -target arm64-apple-macos -std=c++17 -stdlib=libc++ -E  conftest.cpp
configure:16282: $? = 0
configure:16282: result: yes
configure:16282: checking for cstdio
configure:16282: result: yes
configure:16282: checking climits usability
configure:16282: /usr/bin/clang++ -target arm64-apple-macos -std=c++17 -stdlib=libc++ -c -I/Users/home/GitHub/QLMarkdown/build/Debug/libpcre2/include -I/Users/home/GitHub/QLMarkdown -std=c++17 -stdlib=libc++ -target arm64-apple-macos11 -g -mmacosx-version-min=11  conftest.cpp >&5
configure:16282: $? = 0
configure:16282: result: yes
configure:16282: checking climits presence
configure:16282: /usr/bin/clang++ -target arm64-apple-macos -std=c++17 -stdlib=libc++ -E  conftest.cpp
configure:16282: $? = 0
configure:16282: result: yes
configure:16282: checking for climits
configure:16282: result: yes
configure:16282: checking cstdlib usability
configure:16282: /usr/bin/clang++ -target arm64-apple-macos -std=c++17 -stdlib=libc++ -c -I/Users/home/GitHub/QLMarkdown/build/Debug/libpcre2/include -I/Users/home/GitHub/QLMarkdown -std=c++17 -stdlib=libc++ -target arm64-apple-macos11 -g -mmacosx-version-min=11  conftest.cpp >&5
configure:16282: $? = 0
configure:16282: result: yes
configure:16282: checking cstdlib presence
configure:16282: /usr/bin/clang++ -target arm64-apple-macos -std=c++17 -stdlib=libc++ -E  conftest.cpp
configure:16282: $? = 0
configure:16282: result: yes
configure:16282: checking for cstdlib
configure:16282: result: yes
configure:16298: checking for free
configure:16298: /usr/bin/clang++ -target arm64-apple-macos -std=c++17 -stdlib=libc++ -o conftest -I/Users/home/GitHub/QLMarkdown/build/Debug/libpcre2/include -I/Users/home/GitHub/QLMarkdown -std=c++17 -stdlib=libc++ -target arm64-apple-macos11 -g -mmacosx-version-min=11   -target arm64-apple-macos11 conftest.cpp  >&5
configure:16298: $? = 0
configure:16298: result: yes
configure:16312: checking for CHAR_BIT defined in climits
configure:16334: /usr/bin/clang++ -target arm64-apple-macos -std=c++17 -stdlib=libc++ -c -I/Users/home/GitHub/QLMarkdown/build/Debug/libpcre2/include -I/Users/home/GitHub/QLMarkdown -std=c++17 -stdlib=libc++ -target arm64-apple-macos11 -g -mmacosx-version-min=11  conftest.cpp >&5
configure:16334: $? = 0
configure:16341: result: yes
configure:16742: checking whether make supports nested variables
configure:16759: result: yes
configure:16958: checking whether /usr/bin/clang++ -target arm64-apple-macos -std=c++17 -stdlib=libc++ supports C++11 features with -std=c++11
configure:17256: /usr/bin/clang++ -target arm64-apple-macos -std=c++17 -stdlib=libc++ -std=c++11 -c -I/Users/home/GitHub/QLMarkdown/build/Debug/libpcre2/include -I/Users/home/GitHub/QLMarkdown -std=c++17 -stdlib=libc++ -target arm64-apple-macos11 -g -mmacosx-version-min=11  conftest.cpp >&5
configure:17256: $? = 0
configure:17265: result: yes
configure:17304: checking utility usability
configure:17304: /usr/bin/clang++ -target arm64-apple-macos -std=c++17 -stdlib=libc++ -std=c++11 -c -I/Users/home/GitHub/QLMarkdown/build/Debug/libpcre2/include -I/Users/home/GitHub/QLMarkdown -std=c++17 -stdlib=libc++ -target arm64-apple-macos11 -g -mmacosx-version-min=11  conftest.cpp >&5
configure:17304: $? = 0
configure:17304: result: yes
configure:17304: checking utility presence
configure:17304: /usr/bin/clang++ -target arm64-apple-macos -std=c++17 -stdlib=libc++ -E -std=c++11  conftest.cpp
configure:17304: $? = 0
configure:17304: result: yes
configure:17304: checking for utility
configure:17304: result: yes
configure:17312: checking functional usability
configure:17312: /usr/bin/clang++ -target arm64-apple-macos -std=c++17 -stdlib=libc++ -std=c++11 -c -I/Users/home/GitHub/QLMarkdown/build/Debug/libpcre2/include -I/Users/home/GitHub/QLMarkdown -std=c++17 -stdlib=libc++ -target arm64-apple-macos11 -g -mmacosx-version-min=11  conftest.cpp >&5
configure:17312: $? = 0
configure:17312: result: yes
configure:17312: checking functional presence
configure:17312: /usr/bin/clang++ -target arm64-apple-macos -std=c++17 -stdlib=libc++ -E -std=c++11  conftest.cpp
configure:17312: $? = 0
configure:17312: result: yes
configure:17312: checking for functional
configure:17312: result: yes
configure:18408: checking that generated files are newer than configure
configure:18414: result: done
configure:18461: creating ./config.status

## ---------------------- ##
## Running config.status. ##
## ---------------------- ##

This file was extended by jpcre2 config.status 10.32.01, which was
generated by GNU Autoconf 2.69.  Invocation command line was

  CONFIG_FILES    = 
  CONFIG_HEADERS  = 
  CONFIG_LINKS    = 
  CONFIG_COMMANDS = 
  $ ./config.status 

on adlers-MacBook-Air.local

config.status:1091: creating Makefile
config.status:1091: creating src/Makefile
config.status:1248: executing depfiles commands
config.status:1325: cd src       && sed -e '/# am--include-marker/d' Makefile         | make -f - am--depfiles
config.status:1330: $? = 0
config.status:1248: executing libtool commands

## ---------------- ##
## Cache variables. ##
## ---------------- ##

ac_cv_build=arm-apple-darwin25.1.0
ac_cv_c_compiler_gnu=yes
ac_cv_c_inline=inline
ac_cv_c_int64_t=yes
ac_cv_c_uint32_t=yes
ac_cv_cxx_compiler_gnu=yes
ac_cv_defined_CHAR_BIT_climits=yes
ac_cv_env_CCC_set=
ac_cv_env_CCC_value=
ac_cv_env_CC_set=
ac_cv_env_CC_value=
ac_cv_env_CFLAGS_set=
ac_cv_env_CFLAGS_value=
ac_cv_env_CPPFLAGS_set=
ac_cv_env_CPPFLAGS_value=
ac_cv_env_CXXCPP_set=
ac_cv_env_CXXCPP_value=
ac_cv_env_CXXFLAGS_set=set
ac_cv_env_CXXFLAGS_value='-I/Users/home/GitHub/QLMarkdown/build/Debug/libpcre2/include -I/Users/home/GitHub/QLMarkdown -std=c++17 -stdlib=libc++ -target arm64-apple-macos11 -g -mmacosx-version-min=11'
ac_cv_env_CXX_set=set
ac_cv_env_CXX_value='/usr/bin/clang++ -target arm64-apple-macos -std=c++17 -stdlib=libc++'
ac_cv_env_GENHTML_set=
ac_cv_env_GENHTML_value=
ac_cv_env_LCOV_set=
ac_cv_env_LCOV_value=
ac_cv_env_LDFLAGS_set=set
ac_cv_env_LDFLAGS_value=' -target arm64-apple-macos11'
ac_cv_env_LIBS_set=
ac_cv_env_LIBS_value=
ac_cv_env_LT_SYS_LIBRARY_PATH_set=
ac_cv_env_LT_SYS_LIBRARY_PATH_value=
ac_cv_env_VALGRIND_set=
ac_cv_env_VALGRIND_value=
ac_cv_env_build_alias_set=
ac_cv_env_build_alias_value=
ac_cv_env_host_alias_set=set
ac_cv_env_host_alias_value=aarch64-apple-darwin
ac_cv_env_target_alias_set=
ac_cv_env_target_alias_value=
ac_cv_func_free=yes
ac_cv_header_climits=yes
ac_cv_header_cstdio=yes
ac_cv_header_cstdlib=yes
ac_cv_header_dlfcn_h=yes
ac_cv_header_functional=yes
ac_cv_header_inttypes_h=yes
ac_cv_header_map=yes
ac_cv_header_memory_h=yes
ac_cv_header_pcre2_h=yes
ac_cv_header_stdbool_h=no
ac_cv_header_stdc=yes
ac_cv_header_stdint_h=yes
ac_cv_header_stdlib_h=yes
ac_cv_header_string=yes
ac_cv_header_string_h=yes
ac_cv_header_strings_h=yes
ac_cv_header_sys_stat_h=yes
ac_cv_header_sys_types_h=yes
ac_cv_header_unistd_h=yes
ac_cv_header_utility=yes
ac_cv_header_vector=yes
ac_cv_host=aarch64-apple-darwin
ac_cv_objext=o
ac_cv_path_EGREP='/usr/bin/grep -E'
ac_cv_path_FGREP='/usr/bin/grep -F'
ac_cv_path_GREP=/usr/bin/grep
ac_cv_path_SED=/usr/bin/sed
ac_cv_path_install='/usr/bin/install -c'
ac_cv_path_lt_DD=/bin/dd
ac_cv_prog_AWK=awk
ac_cv_prog_CXXCPP='/usr/bin/clang++ -target arm64-apple-macos -std=c++17 -stdlib=libc++ -E'
ac_cv_prog_ac_ct_AR=ar
ac_cv_prog_ac_ct_CC=gcc
ac_cv_prog_ac_ct_DSYMUTIL=dsymutil
ac_cv_prog_ac_ct_DUMPBIN='link -dump'
ac_cv_prog_ac_ct_LIPO=lipo
ac_cv_prog_ac_ct_NMEDIT=nmedit
ac_cv_prog_ac_ct_OBJDUMP=objdump
ac_cv_prog_ac_ct_OTOOL=otool
ac_cv_prog_ac_ct_RANLIB=ranlib
ac_cv_prog_ac_ct_STRIP=strip
ac_cv_prog_cc_c89=
ac_cv_prog_cc_g=yes
ac_cv_prog_cxx_g=yes
ac_cv_prog_make_make_set=yes
ac_cv_type__Bool=no
ac_cv_type_size_t=yes
am_cv_CC_dependencies_compiler_type=gcc3
am_cv_CXX_dependencies_compiler_type=gcc3
am_cv_make_support_nested_variables=yes
am_cv_prog_cc_c_o=yes
ax_cv_cxx_compile_cxx11__std_cpp11=yes
lt_cv_apple_cc_single_mod=no
lt_cv_ar_at_file=no
lt_cv_deplibs_check_method=pass_all
lt_cv_file_magic_cmd='$MAGIC_CMD'
lt_cv_file_magic_test_file=
lt_cv_ld_exported_symbols_list=yes
lt_cv_ld_force_load=yes
lt_cv_ld_reload_flag=-r
lt_cv_nm_interface='BSD nm'
lt_cv_objdir=.libs
lt_cv_path_LD=/Applications/Xcode.app/Contents/Developer/Toolchains/XcodeDefault.xctoolchain/usr/bin/ld
lt_cv_path_LDCXX=/Applications/Xcode.app/Contents/Developer/Toolchains/XcodeDefault.xctoolchain/usr/bin/ld
lt_cv_path_NM=no
lt_cv_path_mainfest_tool=no
lt_cv_prog_compiler_c_o=yes
lt_cv_prog_compiler_c_o_CXX=yes
lt_cv_prog_compiler_pic='-fno-common -DPIC'
lt_cv_prog_compiler_pic_CXX='-fno-common -DPIC'
lt_cv_prog_compiler_pic_works=yes
lt_cv_prog_compiler_pic_works_CXX=yes
lt_cv_prog_compiler_rtti_exceptions=yes
lt_cv_prog_compiler_static_works=no
lt_cv_prog_compiler_static_works_CXX=no
lt_cv_prog_gnu_ld=no
lt_cv_prog_gnu_ldcxx=no
lt_cv_sharedlib_from_linklib_cmd='printf %s\n'
lt_cv_sys_global_symbol_pipe='sed -n -e '\''s/^.*[	 ]\([ABCDGIRSTW][ABCDGIRSTW]*\)[	 ][	 ]*_\([_A-Za-z][_A-Za-z0-9]*\)$/\1 _\2 \2/p'\'' | sed '\''/ __gnu_lto/d'\'''
lt_cv_sys_global_symbol_to_c_name_address='sed -n -e '\''s/^: \(.*\) .*$/  {"\1", (void *) 0},/p'\'' -e '\''s/^[ABCDGIRSTW][ABCDGIRSTW]* .* \(.*\)$/  {"\1", (void *) \&\1},/p'\'''
lt_cv_sys_global_symbol_to_c_name_address_lib_prefix='sed -n -e '\''s/^: \(.*\) .*$/  {"\1", (void *) 0},/p'\'' -e '\''s/^[ABCDGIRSTW][ABCDGIRSTW]* .* \(lib.*\)$/  {"\1", (void *) \&\1},/p'\'' -e '\''s/^[ABCDGIRSTW][ABCDGIRSTW]* .* \(.*\)$/  {"lib\1", (void *) \&\1},/p'\'''
lt_cv_sys_global_symbol_to_cdecl='sed -n -e '\''s/^T .* \(.*\)$/extern int \1();/p'\'' -e '\''s/^[ABCDGIRSTW][ABCDGIRSTW]* .* \(.*\)$/extern char \1;/p'\'''
lt_cv_sys_global_symbol_to_import=
lt_cv_sys_max_cmd_len=786432
lt_cv_to_host_file_cmd=func_convert_file_noop
lt_cv_to_tool_file_cmd=func_convert_file_noop
lt_cv_truncate_bin='/bin/dd bs=4096 count=1'

## ----------------- ##
## Output variables. ##
## ----------------- ##

ACLOCAL='${SHELL} /Users/home/GitHub/QLMarkdown/dependencies/jpcre2/config/missing aclocal-1.16'
AMDEPBACKSLASH='\'
AMDEP_FALSE='#'
AMDEP_TRUE=''
AMTAR='$${TAR-tar}'
AM_BACKSLASH='\'
AM_DEFAULT_V='$(AM_DEFAULT_VERBOSITY)'
AM_DEFAULT_VERBOSITY='0'
AM_V='$(V)'
AR='ar'
AUTOCONF='${SHELL} /Users/home/GitHub/QLMarkdown/dependencies/jpcre2/config/missing autoconf'
AUTOHEADER='${SHELL} /Users/home/GitHub/QLMarkdown/dependencies/jpcre2/config/missing autoheader'
AUTOMAKE='${SHELL} /Users/home/GitHub/QLMarkdown/dependencies/jpcre2/config/missing automake-1.16'
AWK='awk'
CC='gcc'
CCDEPMODE='depmode=gcc3'
CFLAGS='-g -O2'
CPPFLAGS=''
CXX='/usr/bin/clang++ -target arm64-apple-macos -std=c++17 -stdlib=libc++ -std=c++11'
CXXCPP='/usr/bin/clang++ -target arm64-apple-macos -std=c++17 -stdlib=libc++ -E -std=c++11'
CXXDEPMODE='depmode=gcc3'
CXXFLAGS='-I/Users/home/GitHub/QLMarkdown/build/Debug/libpcre2/include -I/Users/home/GitHub/QLMarkdown -std=c++17 -stdlib=libc++ -target arm64-apple-macos11 -g -mmacosx-version-min=11'
CYGPATH_W='echo'
DEFS='-DPACKAGE_NAME=\"jpcre2\" -DPACKAGE_TARNAME=\"jpcre2\" -DPACKAGE_VERSION=\"10.32.01\" -DPACKAGE_STRING=\"jpcre2\ 10.32.01\" -DPACKAGE_BUGREPORT=\"https://github.com/jpcre2/jpcre2/issues\" -DPACKAGE_URL=\"\" -DPACKAGE=\"jpcre2\" -DVERSION=\"10.32.01\" -DSTDC_HEADERS=1 -DHAVE_SYS_TYPES_H=1 -DHAVE_SYS_STAT_H=1 -DHAVE_STDLIB_H=1 -DHAVE_STRING_H=1 -DHAVE_MEMORY_H=1 -DHAVE_STRINGS_H=1 -DHAVE_INTTYPES_H=1 -DHAVE_STDINT_H=1 -DHAVE_UNISTD_H=1 -DHAVE_DLFCN_H=1 -DLT_OBJDIR=\".libs/\" -DHAVE_STRING=1 -DHAVE_VECTOR=1 -DHAVE_MAP=1 -DHAVE_CSTDIO=1 -DHAVE_CLIMITS=1 -DHAVE_CSTDLIB=1 -DHAVE_FREE=1 -DSUPPORT_SILENT_RULES=/\*\*/ -DSUPPORT_CPP11=/\*\*/ -DHAVE_CXX11=1'
DEPDIR='.deps'
DLLTOOL='false'
DSYMUTIL='dsymutil'
DUMPBIN=':'
ECHO_C='\c'
ECHO_N=''
ECHO_T=''
EGREP='/usr/bin/grep -E'
EXEEXT=''
FGREP='/usr/bin/grep -F'
GENHTML=''
GREP='/usr/bin/grep'
HAVE_CXX11='1'
HAVE_CXX17=''
INSTALL_DATA='${INSTALL} -m 644'
INSTALL_PROGRAM='${INSTALL}'
INSTALL_SCRIPT='${INSTALL}'
INSTALL_STRIP_PROGRAM='$(install_sh) -c -s'
LCOV=''
LD='/Applications/Xcode.app/Contents/Developer/Toolchains/XcodeDefault.xctoolchain/usr/bin/ld'
LDFLAGS=' -target arm64-apple-macos11'
LIBOBJS=''
LIBS=''
LIBTOOL='$(SHELL) $(top_builddir)/libtool'
LIPO='lipo'
LN_S='ln -s'
LTLIBOBJS=''
LT_SYS_LIBRARY_PATH=''
MAKEINFO='${SHELL} /Users/home/GitHub/QLMarkdown/dependencies/jpcre2/config/missing makeinfo'
MANIFEST_TOOL=':'
MKDIR_P='/Users/home/GitHub/QLMarkdown/dependencies/jpcre2/config/install-sh -c -d'
NM='nm'
NMEDIT='nmedit'
OBJDUMP='objdump'
OBJEXT='o'
OTOOL64=':'
OTOOL='otool'
PACKAGE='jpcre2'
PACKAGE_BUGREPORT='https://github.com/jpcre2/jpcre2/issues'
PACKAGE_NAME='jpcre2'
PACKAGE_STRING='jpcre2 10.32.01'
PACKAGE_TARNAME='jpcre2'
PACKAGE_URL=''
PACKAGE_VERSION='10.32.01'
PATH_SEPARATOR=':'
RANLIB='ranlib'
SED='/usr/bin/sed'
SET_MAKE=''
SHELL='/bin/sh'
STRIP='strip'
VALGRIND=''
VERSION='10.32.01'
WITH_COVERAGE_FALSE=''
WITH_COVERAGE_TRUE='#'
WITH_CPP11_FALSE='#'
WITH_CPP11_TRUE=''
WITH_TEST_SUIT_FALSE=''
WITH_TEST_SUIT_TRUE='#'
WITH_THREAD_TEST_FALSE=''
WITH_THREAD_TEST_TRUE='#'
WITH_VALGRIND_FALSE=''
WITH_VALGRIND_TRUE='#'
ac_ct_AR='ar'
ac_ct_CC='gcc'
ac_ct_CXX=''
ac_ct_DUMPBIN='link -dump'
am__EXEEXT_FALSE=''
am__EXEEXT_TRUE='#'
am__fastdepCC_FALSE='#'
am__fastdepCC_TRUE=''
am__fastdepCXX_FALSE='#'
am__fastdepCXX_TRUE=''
am__include='include'
am__isrc=' -I$(srcdir)'
am__leading_dot='.'
am__nodep='_no'
am__quote=''
am__tar='$${TAR-tar} chof - "$$tardir"'
am__untar='$${TAR-tar} xf -'
bindir='${exec_prefix}/bin'
build='arm-apple-darwin25.1.0'
build_alias=''
build_cpu='arm'
build_os='darwin25.1.0'
build_vendor='apple'
datadir='${datarootdir}'
datarootdir='${prefix}/share'
docdir='${datarootdir}/doc/${PACKAGE_TARNAME}'
dvidir='${docdir}'
enable_coverage='no'
enable_cpp11='yes'
enable_cpp17='no'
enable_silent_rules='yes'
enable_test='no'
enable_thread_check='no'
enable_valgrind='no'
exec_prefix='${prefix}'
host='aarch64-apple-darwin'
host_alias='aarch64-apple-darwin'
host_cpu='aarch64'
host_os='darwin'
host_vendor='apple'
htmldir='${docdir}'
includedir='${prefix}/include'
infodir='${datarootdir}/info'
install_sh='${SHELL} /Users/home/GitHub/QLMarkdown/dependencies/jpcre2/config/install-sh'
libdir='${exec_prefix}/lib'
libexecdir='${exec_prefix}/libexec'
localedir='${datarootdir}/locale'
localstatedir='${prefix}/var'
mandir='${datarootdir}/man'
mkdir_p='$(MKDIR_P)'
oldincludedir='/usr/include'
pdfdir='${docdir}'
prefix='/Users/home/GitHub/QLMarkdown/build/Debug/libjpcre2/arm64'
program_transform_name='s,x,x,'
psdir='${docdir}'
runstatedir='${localstatedir}/run'
sbindir='${exec_prefix}/sbin'
sharedstatedir='${prefix}/com'
sysconfdir='${prefix}/etc'
target_alias=''

## ----------- ##
## confdefs.h. ##
## ----------- ##

/* confdefs.h */
#define PACKAGE_NAME "jpcre2"
#define PACKAGE_TARNAME "jpcre2"
#define PACKAGE_VERSION "10.32.01"
#define PACKAGE_STRING "jpcre2 10.32.01"
#define PACKAGE_BUGREPORT "https://github.com/jpcre2/jpcre2/issues"
#define PACKAGE_URL ""
#define PACKAGE "jpcre2"
#define VERSION "10.32.01"
#define STDC_HEADERS 1
#define HAVE_SYS_TYPES_H 1
#define HAVE_SYS_STAT_H 1
#define HAVE_STDLIB_H 1
#define HAVE_STRING_H 1
#define HAVE_MEMORY_H 1
#define HAVE_STRINGS_H 1
#define HAVE_INTTYPES_H 1
#define HAVE_STDINT_H 1
#define HAVE_UNISTD_H 1
#define HAVE_DLFCN_H 1
#define LT_OBJDIR ".libs/"
#define HAVE_STRING 1
#define HAVE_VECTOR 1
#define HAVE_MAP 1
#define HAVE_CSTDIO 1
#define HAVE_CLIMITS 1
#define HAVE_CSTDLIB 1
#define HAVE_FREE 1
#define SUPPORT_SILENT_RULES /**/
#define SUPPORT_CPP11 /**/
#define HAVE_CXX11 1

configure: exit 0
