This file contains any messages produced by compilers while
running configure, to aid debugging if configure makes a mistake.

It was created by PCRE2 configure 10.48-DEV, which was
generated by GNU Autoconf 2.72.  Invocation command line was

  $ /Users/home/GitHub/QLMarkdown/dependencies/pcre2/configure --host=aarch64-apple-darwin --prefix=/Users/home/GitHub/QLMarkdown/build/Debug/libpcre2/arm64 --disable-shared --enable-static --enable-jit --enable-pcre2-32 --disable-pcre2-8

## --------- ##
## Platform. ##
## --------- ##

hostname = adlers-MacBook-Air.local
uname -m = arm64
uname -r = 25.1.0
uname -s = Darwin
uname -v = Darwin Kernel Version 25.1.0: Mon Oct 20 19:34:03 PDT 2025; root:xnu-12377.41.6~2/RELEASE_ARM64_T8112

/usr/bin/uname -p = arm
/bin/uname -X     = unknown

/bin/arch              = unknown
/usr/bin/arch -k       = unknown
/usr/convex/getsysinfo = unknown
/usr/bin/hostinfo      = Mach kernel version:
	 Darwin Kernel Version 25.1.0: Mon Oct 20 19:34:03 PDT 2025; root:xnu-12377.41.6~2/RELEASE_ARM64_T8112
Kernel configured for up to 8 processors.
8 processors are physically available.
8 processors are logically available.
Processor type: arm64e (ARM64E)
Processors active: 0 1 2 3 4 5 6 7
Primary memory available: 8.00 gigabytes
Default processor set: 575 tasks, 2592 threads, 8 processors
Load average: 4.15, Mach factor: 3.84
/bin/machine           = unknown
/usr/bin/oslevel       = unknown
/bin/universe          = unknown

PATH: /Applications/Xcode.app/Contents/SharedFrameworks/SwiftBuild.framework/Versions/A/PlugIns/SWBBuildService.bundle/Contents/PlugIns/SWBUniversalPlatformPlugin.bundle/Contents/Frameworks/SWBUniversalPlatform.framework/Resources/
PATH: /Applications/Xcode.app/Contents/Developer/Toolchains/XcodeDefault.xctoolchain/usr/bin/
PATH: /Applications/Xcode.app/Contents/Developer/Toolchains/XcodeDefault.xctoolchain/usr/local/bin/
PATH: /Applications/Xcode.app/Contents/Developer/Toolchains/XcodeDefault.xctoolchain/usr/libexec/
PATH: /Applications/Xcode.app/Contents/Developer/Platforms/MacOSX.platform/usr/bin/
PATH: /Applications/Xcode.app/Contents/Developer/Platforms/MacOSX.platform/usr/local/bin/
PATH: /Applications/Xcode.app/Contents/Developer/Platforms/MacOSX.platform/Developer/usr/bin/
PATH: /Applications/Xcode.app/Contents/Developer/Platforms/MacOSX.platform/Developer/usr/local/bin/
PATH: /Applications/Xcode.app/Contents/Developer/usr/bin/
PATH: /Applications/Xcode.app/Contents/Developer/usr/local/bin/
PATH: /usr/local/bin/
PATH: /Applications/Xcode.app/Contents/Developer/Platforms/iPhoneOS.platform/Developer/usr/bin/
PATH: /Applications/Xcode.app/Contents/Developer/Platforms/XROS.platform/Developer/usr/bin/
PATH: /Applications/Xcode.app/Contents/Developer/Platforms/WatchOS.platform/Developer/usr/bin/
PATH: /Applications/Xcode.app/Contents/Developer/Platforms/AppleTVOS.platform/Developer/usr/bin/
PATH: /Users/home/.nvm/versions/node/v24.11.0/bin/
PATH: /opt/homebrew/bin/
PATH: /opt/homebrew/sbin/
PATH: /System/Cryptexes/App/usr/bin/
PATH: /usr/bin/
PATH: /bin/
PATH: /usr/sbin/
PATH: /sbin/
PATH: /var/run/com.apple.security.cryptexd/codex.system/bootstrap/usr/local/bin/
PATH: /var/run/com.apple.security.cryptexd/codex.system/bootstrap/usr/bin/
PATH: /var/run/com.apple.security.cryptexd/codex.system/bootstrap/usr/appleinternal/bin/
PATH: /opt/pmk/env/global/bin/
PATH: /Library/Apple/usr/bin/
PATH: /Users/home/.local/bin/


## ----------- ##
## Core tests. ##
## ----------- ##

configure:2773: looking for aux files: config.guess config.sub ltmain.sh ar-lib compile missing install-sh
configure:2786:  trying /Users/home/GitHub/QLMarkdown/dependencies/pcre2/
configure:2815:   /Users/home/GitHub/QLMarkdown/dependencies/pcre2/config.guess found
configure:2815:   /Users/home/GitHub/QLMarkdown/dependencies/pcre2/config.sub found
configure:2815:   /Users/home/GitHub/QLMarkdown/dependencies/pcre2/ltmain.sh found
configure:2815:   /Users/home/GitHub/QLMarkdown/dependencies/pcre2/ar-lib found
configure:2815:   /Users/home/GitHub/QLMarkdown/dependencies/pcre2/compile found
configure:2815:   /Users/home/GitHub/QLMarkdown/dependencies/pcre2/missing found
configure:2797:   /Users/home/GitHub/QLMarkdown/dependencies/pcre2/install-sh found
configure:2946: checking for a BSD-compatible install
configure:3020: result: /usr/bin/install -c
configure:3031: checking whether sleep supports fractional seconds
configure:3047: result: yes
configure:3050: checking filesystem timestamp resolution
configure:3185: result: 2
configure:3190: checking whether build environment is sane
configure:3235: result: yes
configure:3301: checking for aarch64-apple-darwin-strip
configure:3337: result: no
configure:3347: checking for strip
configure:3368: found /Applications/Xcode.app/Contents/Developer/Toolchains/XcodeDefault.xctoolchain/usr/bin/strip
configure:3380: result: strip
configure:3406: checking for a race-free mkdir -p
configure:3449: result: mkdir -p
configure:3456: checking for gawk
configure:3492: result: no
configure:3456: checking for mawk
configure:3492: result: no
configure:3456: checking for nawk
configure:3492: result: no
configure:3456: checking for awk
configure:3477: found /usr/bin/awk
configure:3489: result: awk
configure:3500: checking whether make sets $(MAKE)
configure:3524: result: yes
configure:3550: checking whether make supports nested variables
configure:3569: result: yes
configure:3583: checking xargs -n works
configure:3599: result: yes
configure:3684: checking whether UID '501' is supported by ustar format
configure:3690: result: yes
configure:3697: checking whether GID '20' is supported by ustar format
configure:3703: result: yes
configure:3711: checking how to create a ustar tar archive
configure:3722: tar --version
bsdtar 3.5.3 - libarchive 3.7.4 zlib/1.2.12 liblzma/5.4.3 bz2lib/1.0.8 
configure:3725: $? = 0
configure:3765: tardir=conftest.dir && eval tar --format=ustar -chf - "$tardir" >conftest.tar
configure:3768: $? = 0
configure:3772: tar -xf - <conftest.tar
configure:3775: $? = 0
configure:3777: cat conftest.dir/file
GrepMe
configure:3780: $? = 0
configure:3795: result: gnutar
configure:3822: checking whether to enable maintainer-specific portions of Makefiles
configure:3833: result: yes
configure:3883: checking for aarch64-apple-darwin-gcc
configure:3916: result: /usr/bin/cc -target arm64-apple-macos
configure:4321: checking for C compiler version
configure:4330: /usr/bin/cc -target arm64-apple-macos --version >&5
Apple clang version 17.0.0 (clang-1700.4.4.1)
Target: arm64-apple-macos
Thread model: posix
InstalledDir: /Applications/Xcode.app/Contents/Developer/Toolchains/XcodeDefault.xctoolchain/usr/bin
configure:4341: $? = 0
configure:4330: /usr/bin/cc -target arm64-apple-macos -v >&5
Apple clang version 17.0.0 (clang-1700.4.4.1)
Target: arm64-apple-macos
Thread model: posix
InstalledDir: /Applications/Xcode.app/Contents/Developer/Toolchains/XcodeDefault.xctoolchain/usr/bin
configure:4341: $? = 0
configure:4330: /usr/bin/cc -target arm64-apple-macos -V >&5
clang: error: argument to '-V' is missing (expected 1 value)
clang: error: no input files
configure:4341: $? = 1
configure:4330: /usr/bin/cc -target arm64-apple-macos -qversion >&5
clang: error: unknown argument '-qversion'; did you mean '--version'?
clang: error: no input files
configure:4341: $? = 1
configure:4330: /usr/bin/cc -target arm64-apple-macos -version >&5
clang: error: unknown argument '-version'; did you mean '--version'?
clang: error: no input files
configure:4341: $? = 1
configure:4361: checking whether the C compiler works
configure:4383: /usr/bin/cc -target arm64-apple-macos  -target arm64-apple-macos11 -g -mmacosx-version-min=11  -L/Applications/Xcode.app/Contents/Developer/Platforms/MacOSX.platform/Developer/SDKs/MacOSX26.1.sdk/usr/lib -target arm64-apple-macos11 conftest.c  >&5
configure:4387: $? = 0
configure:4438: result: yes
configure:4442: checking for C compiler default output file name
configure:4444: result: a.out
configure:4450: checking for suffix of executables
configure:4457: /usr/bin/cc -target arm64-apple-macos -o conftest  -target arm64-apple-macos11 -g -mmacosx-version-min=11  -L/Applications/Xcode.app/Contents/Developer/Platforms/MacOSX.platform/Developer/SDKs/MacOSX26.1.sdk/usr/lib -target arm64-apple-macos11 conftest.c  >&5
configure:4461: $? = 0
configure:4485: result: 
configure:4509: checking whether we are cross compiling
configure:4517: /usr/bin/cc -target arm64-apple-macos -o conftest  -target arm64-apple-macos11 -g -mmacosx-version-min=11  -L/Applications/Xcode.app/Contents/Developer/Platforms/MacOSX.platform/Developer/SDKs/MacOSX26.1.sdk/usr/lib -target arm64-apple-macos11 conftest.c  >&5
configure:4521: $? = 0
configure:4528: ./conftest
configure:4532: $? = 0
configure:4547: result: no
configure:4553: checking for suffix of object files
configure:4576: /usr/bin/cc -target arm64-apple-macos -c  -target arm64-apple-macos11 -g -mmacosx-version-min=11  conftest.c >&5
configure:4580: $? = 0
configure:4604: result: o
configure:4608: checking whether the compiler supports GNU C
configure:4628: /usr/bin/cc -target arm64-apple-macos -c  -target arm64-apple-macos11 -g -mmacosx-version-min=11  conftest.c >&5
configure:4628: $? = 0
configure:4640: result: yes
configure:4651: checking whether /usr/bin/cc -target arm64-apple-macos accepts -g
configure:4672: /usr/bin/cc -target arm64-apple-macos -c -g  conftest.c >&5
configure:4672: $? = 0
configure:4719: result: yes
configure:4739: checking for /usr/bin/cc -target arm64-apple-macos option to enable C11 features
configure:4754: /usr/bin/cc -target arm64-apple-macos  -c  -target arm64-apple-macos11 -g -mmacosx-version-min=11  conftest.c >&5
configure:4754: $? = 0
configure:4773: result: none needed
configure:4897: checking whether /usr/bin/cc -target arm64-apple-macos understands -c and -o together
configure:4920: /usr/bin/cc -target arm64-apple-macos -c conftest.c -o conftest2.o
configure:4923: $? = 0
configure:4920: /usr/bin/cc -target arm64-apple-macos -c conftest.c -o conftest2.o
configure:4923: $? = 0
configure:4939: result: yes
configure:4959: checking whether make supports the include directive
configure:4974: make -f confmf.GNU && cat confinc.out
this is the am__doit target
configure:4977: $? = 0
configure:4996: result: yes (GNU style)
configure:5022: checking dependency style of /usr/bin/cc -target arm64-apple-macos
configure:5135: result: gcc3
configure:5156: checking for stdio.h
configure:5156: /usr/bin/cc -target arm64-apple-macos -c  -target arm64-apple-macos11 -g -mmacosx-version-min=11  conftest.c >&5
configure:5156: $? = 0
configure:5156: result: yes
configure:5156: checking for stdlib.h
configure:5156: /usr/bin/cc -target arm64-apple-macos -c  -target arm64-apple-macos11 -g -mmacosx-version-min=11  conftest.c >&5
configure:5156: $? = 0
configure:5156: result: yes
configure:5156: checking for string.h
configure:5156: /usr/bin/cc -target arm64-apple-macos -c  -target arm64-apple-macos11 -g -mmacosx-version-min=11  conftest.c >&5
configure:5156: $? = 0
configure:5156: result: yes
configure:5156: checking for inttypes.h
configure:5156: /usr/bin/cc -target arm64-apple-macos -c  -target arm64-apple-macos11 -g -mmacosx-version-min=11  conftest.c >&5
configure:5156: $? = 0
configure:5156: result: yes
configure:5156: checking for stdint.h
configure:5156: /usr/bin/cc -target arm64-apple-macos -c  -target arm64-apple-macos11 -g -mmacosx-version-min=11  conftest.c >&5
configure:5156: $? = 0
configure:5156: result: yes
configure:5156: checking for strings.h
configure:5156: /usr/bin/cc -target arm64-apple-macos -c  -target arm64-apple-macos11 -g -mmacosx-version-min=11  conftest.c >&5
configure:5156: $? = 0
configure:5156: result: yes
configure:5156: checking for sys/stat.h
configure:5156: /usr/bin/cc -target arm64-apple-macos -c  -target arm64-apple-macos11 -g -mmacosx-version-min=11  conftest.c >&5
configure:5156: $? = 0
configure:5156: result: yes
configure:5156: checking for sys/types.h
configure:5156: /usr/bin/cc -target arm64-apple-macos -c  -target arm64-apple-macos11 -g -mmacosx-version-min=11  conftest.c >&5
configure:5156: $? = 0
configure:5156: result: yes
configure:5156: checking for unistd.h
configure:5156: /usr/bin/cc -target arm64-apple-macos -c  -target arm64-apple-macos11 -g -mmacosx-version-min=11  conftest.c >&5
configure:5156: $? = 0
configure:5156: result: yes
configure:5156: checking for wchar.h
configure:5156: /usr/bin/cc -target arm64-apple-macos -c  -target arm64-apple-macos11 -g -mmacosx-version-min=11  conftest.c >&5
configure:5156: $? = 0
configure:5156: result: yes
configure:5156: checking for minix/config.h
configure:5156: /usr/bin/cc -target arm64-apple-macos -c  -target arm64-apple-macos11 -g -mmacosx-version-min=11  conftest.c >&5
conftest.c:49:10: fatal error: 'minix/config.h' file not found
   49 | #include <minix/config.h>
      |          ^~~~~~~~~~~~~~~~
1 error generated.
configure:5156: $? = 1
configure: failed program was:
| /* confdefs.h */
| #define PACKAGE_NAME "PCRE2"
| #define PACKAGE_TARNAME "pcre2"
| #define PACKAGE_VERSION "10.48-DEV"
| #define PACKAGE_STRING "PCRE2 10.48-DEV"
| #define PACKAGE_BUGREPORT ""
| #define PACKAGE_URL ""
| #define PACKAGE "pcre2"
| #define VERSION "10.48-DEV"
| #define HAVE_STDIO_H 1
| #define HAVE_STDLIB_H 1
| #define HAVE_STRING_H 1
| #define HAVE_INTTYPES_H 1
| #define HAVE_STDINT_H 1
| #define HAVE_STRINGS_H 1
| #define HAVE_SYS_STAT_H 1
| #define HAVE_SYS_TYPES_H 1
| #define HAVE_UNISTD_H 1
| #define HAVE_WCHAR_H 1
| /* end confdefs.h.  */
| #include <stddef.h>
| #ifdef HAVE_STDIO_H
| # include <stdio.h>
| #endif
| #ifdef HAVE_STDLIB_H
| # include <stdlib.h>
| #endif
| #ifdef HAVE_STRING_H
| # include <string.h>
| #endif
| #ifdef HAVE_INTTYPES_H
| # include <inttypes.h>
| #endif
| #ifdef HAVE_STDINT_H
| # include <stdint.h>
| #endif
| #ifdef HAVE_STRINGS_H
| # include <strings.h>
| #endif
| #ifdef HAVE_SYS_TYPES_H
| # include <sys/types.h>
| #endif
| #ifdef HAVE_SYS_STAT_H
| # include <sys/stat.h>
| #endif
| #ifdef HAVE_UNISTD_H
| # include <unistd.h>
| #endif
| #include <minix/config.h>
configure:5156: result: no
configure:5187: checking whether it is safe to define __EXTENSIONS__
configure:5206: /usr/bin/cc -target arm64-apple-macos -c  -target arm64-apple-macos11 -g -mmacosx-version-min=11  conftest.c >&5
configure:5206: $? = 0
configure:5216: result: yes
configure:5219: checking whether _XOPEN_SOURCE should be defined
configure:5241: /usr/bin/cc -target arm64-apple-macos -c  -target arm64-apple-macos11 -g -mmacosx-version-min=11  conftest.c >&5
configure:5241: $? = 0
configure:5270: result: no
configure:5348: checking for aarch64-apple-darwin-ar
configure:5384: result: no
configure:5348: checking for aarch64-apple-darwin-lib
configure:5384: result: no
configure:5348: checking for aarch64-apple-darwin-link
configure:5384: result: no
configure:5398: checking for ar
configure:5419: found /Applications/Xcode.app/Contents/Developer/Toolchains/XcodeDefault.xctoolchain/usr/bin/ar
configure:5431: result: ar
configure:5458: checking the archiver (ar) interface
configure:5475: /usr/bin/cc -target arm64-apple-macos -c  -target arm64-apple-macos11 -g -mmacosx-version-min=11  conftest.c >&5
configure:5475: $? = 0
configure:5478: ar cr libconftest.a conftest.o >&5
configure:5481: $? = 0
configure:5510: result: ar
configure:5532: checking for int64_t
configure:5532: /usr/bin/cc -target arm64-apple-macos -c  -target arm64-apple-macos11 -g -mmacosx-version-min=11  conftest.c >&5
configure:5532: $? = 0
configure:5532: /usr/bin/cc -target arm64-apple-macos -c  -target arm64-apple-macos11 -g -mmacosx-version-min=11  conftest.c >&5
conftest.c:72:53: warning: overflow in expression; result is -9'223'372'036'854'775'808 with type 'int64_t' (aka 'long long') [-Winteger-overflow]
   72 |                  < (int64_t) (((((int64_t) 1 << N) << N) - 1) * 2 + 2))];
      |                               ~~~~~~~~~~~~~~~~~~~~~~~~~~~~~~~~~~~~^~~
conftest.c:71:24: warning: variable length array folded to constant array as an extension [-Wgnu-folding-constant]
   71 | static int test_array [1 - 2 * !((int64_t) (((((int64_t) 1 << N) << N) - 1) * 2 + 1)
      |                        ^~~~~~~~~~~~~~~~~~~~~~~~~~~~~~~~~~~~~~~~~~~~~~~~~~~~~~~~~~~~~
   72 |                  < (int64_t) (((((int64_t) 1 << N) << N) - 1) * 2 + 2))];
      |                  ~~~~~~~~~~~~~~~~~~~~~~~~~~~~~~~~~~~~~~~~~~~~~~~~~~~~~~
conftest.c:72:53: note: value 9223372036854775808 is outside the range of representable values of type 'int64_t' (aka 'long long')
   72 |                  < (int64_t) (((((int64_t) 1 << N) << N) - 1) * 2 + 2))];
      |                                                                   ^
conftest.c:71:24: error: 'test_array' declared as an array with a negative size
   71 | static int test_array [1 - 2 * !((int64_t) (((((int64_t) 1 << N) << N) - 1) * 2 + 1)
      |                        ^~~~~~~~~~~~~~~~~~~~~~~~~~~~~~~~~~~~~~~~~~~~~~~~~~~~~~~~~~~~~
   72 |                  < (int64_t) (((((int64_t) 1 << N) << N) - 1) * 2 + 2))];
      |                  ~~~~~~~~~~~~~~~~~~~~~~~~~~~~~~~~~~~~~~~~~~~~~~~~~~~~~~
2 warnings and 1 error generated.
configure:5532: $? = 1
configure: failed program was:
| /* confdefs.h */
| #define PACKAGE_NAME "PCRE2"
| #define PACKAGE_TARNAME "pcre2"
| #define PACKAGE_VERSION "10.48-DEV"
| #define PACKAGE_STRING "PCRE2 10.48-DEV"
| #define PACKAGE_BUGREPORT ""
| #define PACKAGE_URL ""
| #define PACKAGE "pcre2"
| #define VERSION "10.48-DEV"
| #define HAVE_STDIO_H 1
| #define HAVE_STDLIB_H 1
| #define HAVE_STRING_H 1
| #define HAVE_INTTYPES_H 1
| #define HAVE_STDINT_H 1
| #define HAVE_STRINGS_H 1
| #define HAVE_SYS_STAT_H 1
| #define HAVE_SYS_TYPES_H 1
| #define HAVE_UNISTD_H 1
| #define HAVE_WCHAR_H 1
| #define STDC_HEADERS 1
| #define _ALL_SOURCE 1
| #define _DARWIN_C_SOURCE 1
| #define _GNU_SOURCE 1
| #define _HPUX_ALT_XOPEN_SOCKET_API 1
| #define _NETBSD_SOURCE 1
| #define _OPENBSD_SOURCE 1
| #define _POSIX_PTHREAD_SEMANTICS 1
| #define __STDC_WANT_IEC_60559_ATTRIBS_EXT__ 1
| #define __STDC_WANT_IEC_60559_BFP_EXT__ 1
| #define __STDC_WANT_IEC_60559_DFP_EXT__ 1
| #define __STDC_WANT_IEC_60559_EXT__ 1
| #define __STDC_WANT_IEC_60559_FUNCS_EXT__ 1
| #define __STDC_WANT_IEC_60559_TYPES_EXT__ 1
| #define __STDC_WANT_LIB_EXT2__ 1
| #define __STDC_WANT_MATH_SPEC_FUNCS__ 1
| #define _TANDEM_SOURCE 1
| #define __EXTENSIONS__ 1
| /* end confdefs.h.  */
| #include <stddef.h>
| #ifdef HAVE_STDIO_H
| # include <stdio.h>
| #endif
| #ifdef HAVE_STDLIB_H
| # include <stdlib.h>
| #endif
| #ifdef HAVE_STRING_H
| # include <string.h>
| #endif
| #ifdef HAVE_INTTYPES_H
| # include <inttypes.h>
| #endif
| #ifdef HAVE_STDINT_H
| # include <stdint.h>
| #endif
| #ifdef HAVE_STRINGS_H
| # include <strings.h>
| #endif
| #ifdef HAVE_SYS_TYPES_H
| # include <sys/types.h>
| #endif
| #ifdef HAVE_SYS_STAT_H
| # include <sys/stat.h>
| #endif
| #ifdef HAVE_UNISTD_H
| # include <unistd.h>
| #endif
| 	        enum { N = 64 / 2 - 1 };
| int
| main (void)
| {
| static int test_array [1 - 2 * !((int64_t) (((((int64_t) 1 << N) << N) - 1) * 2 + 1)
| 		 < (int64_t) (((((int64_t) 1 << N) << N) - 1) * 2 + 2))];
| test_array [0] = 0;
| return test_array [0];
| 
|   ;
|   return 0;
| }
configure:5532: result: yes
configure:5544: checking for OS/390 (z/OS)
configure:5557: result: no
configure:5703: checking build system type
configure:5719: result: aarch64-apple-darwin25.1.0
configure:5739: checking host system type
configure:5754: result: aarch64-apple-darwin
configure:5795: checking how to print strings
configure:5822: result: printf
configure:5843: checking for a sed that does not truncate output
configure:5915: result: /usr/bin/sed
configure:5933: checking for grep that handles long lines and -e
configure:5999: result: /usr/bin/grep
configure:6004: checking for egrep
configure:6074: result: /usr/bin/grep -E
configure:6081: checking for fgrep
configure:6151: result: /usr/bin/grep -F
configure:6188: checking for ld used by /usr/bin/cc -target arm64-apple-macos
configure:6257: result: /Applications/Xcode.app/Contents/Developer/Toolchains/XcodeDefault.xctoolchain/usr/bin/ld
configure:6264: checking if the linker (/Applications/Xcode.app/Contents/Developer/Toolchains/XcodeDefault.xctoolchain/usr/bin/ld) is GNU ld
configure:6281: result: no
configure:6293: checking for BSD- or MS-compatible name lister (nm)
configure:6349: result: no
configure:6363: checking for aarch64-apple-darwin-dumpbin
configure:6399: result: no
configure:6363: checking for aarch64-apple-darwin-link
configure:6399: result: no
configure:6413: checking for dumpbin
configure:6449: result: no
configure:6413: checking for link
configure:6434: found /bin/link
configure:6446: result: link -dump
configure:6491: checking the name lister (nm) interface
configure:6499: /usr/bin/cc -target arm64-apple-macos -c  -target arm64-apple-macos11 -g -mmacosx-version-min=11  conftest.c >&5
configure:6502: nm "conftest.o"
configure:6505: output
0000000000000264 S _some_variable
0000000000000000 t ltmp0
0000000000000264 s ltmp1
configure:6513: result: BSD nm
configure:6516: checking whether ln -s works
configure:6520: result: yes
configure:6528: checking the maximum length of command line arguments
configure:6661: result: 786432
configure:6709: checking how to convert aarch64-apple-darwin25.1.0 file names to aarch64-apple-darwin format
configure:6751: result: func_convert_file_noop
configure:6758: checking how to convert aarch64-apple-darwin25.1.0 file names to toolchain format
configure:6780: result: func_convert_file_noop
configure:6787: checking for /Applications/Xcode.app/Contents/Developer/Toolchains/XcodeDefault.xctoolchain/usr/bin/ld option to reload object files
configure:6796: result: -r
configure:6829: checking for file
configure:6850: found /usr/bin/file
configure:6863: result: file
configure:6880: checking for aarch64-apple-darwin-objdump
configure:6916: result: no
configure:6926: checking for objdump
configure:6947: found /Applications/Xcode.app/Contents/Developer/Toolchains/XcodeDefault.xctoolchain/usr/bin/objdump
configure:6959: result: objdump
configure:6988: checking how to recognize dependent libraries
configure:7197: result: pass_all
configure:7242: checking for aarch64-apple-darwin-dlltool
configure:7278: result: no
configure:7288: checking for dlltool
configure:7324: result: no
configure:7351: checking how to associate runtime and link libraries
configure:7380: result: printf %s\n
configure:7394: checking for aarch64-apple-darwin-ranlib
configure:7430: result: no
configure:7440: checking for ranlib
configure:7461: found /Applications/Xcode.app/Contents/Developer/Toolchains/XcodeDefault.xctoolchain/usr/bin/ranlib
configure:7473: result: ranlib
configure:7500: checking for aarch64-apple-darwin-ar
configure:7533: result: ar
configure:7636: checking for archiver @FILE support
configure:7654: /usr/bin/cc -target arm64-apple-macos -c  -target arm64-apple-macos11 -g -mmacosx-version-min=11  conftest.c >&5
configure:7654: $? = 0
configure:7658: ar cr libconftest.a @conftest.lst >&5
ar: @conftest.lst: No such file or directory
configure:7661: $? = 1
configure:7682: result: no
configure:7700: checking for aarch64-apple-darwin-strip
configure:7733: result: strip
configure:7882: checking command to parse nm output from /usr/bin/cc -target arm64-apple-macos object
configure:8036: /usr/bin/cc -target arm64-apple-macos -c  -target arm64-apple-macos11 -g -mmacosx-version-min=11  conftest.c >&5
configure:8039: $? = 0
configure:8043: nm conftest.o | /usr/bin/sed -n -e 's/^.*[	 ]\([ABCDGIRSTW][ABCDGIRSTW]*\)[	 ][	 ]*\([_A-Za-z][_A-Za-z0-9]*\)$/\1 \2 \2/p' | /usr/bin/sed '/ __gnu_lto/d' > conftest.nm
cannot find nm_test_var in conftest.nm
configure:8036: /usr/bin/cc -target arm64-apple-macos -c  -target arm64-apple-macos11 -g -mmacosx-version-min=11  conftest.c >&5
configure:8039: $? = 0
configure:8043: nm conftest.o | /usr/bin/sed -n -e 's/^.*[	 ]\([ABCDGIRSTW][ABCDGIRSTW]*\)[	 ][	 ]*_\([_A-Za-z][_A-Za-z0-9]*\)$/\1 _\2 \2/p' | /usr/bin/sed '/ __gnu_lto/d' > conftest.nm
configure:8109: /usr/bin/cc -target arm64-apple-macos -o conftest  -target arm64-apple-macos11 -g -mmacosx-version-min=11  -L/Applications/Xcode.app/Contents/Developer/Platforms/MacOSX.platform/Developer/SDKs/MacOSX26.1.sdk/usr/lib -target arm64-apple-macos11 conftest.c conftstm.o >&5
configure:8112: $? = 0
configure:8151: result: ok
configure:8198: checking for sysroot
configure:8232: result: no
configure:8239: checking for a working dd
configure:8284: result: /bin/dd
configure:8288: checking how to truncate binary pipes
configure:8305: result: /bin/dd bs=4096 count=1
configure:8599: checking for aarch64-apple-darwin-mt
configure:8635: result: no
configure:8645: checking for mt
configure:8681: result: no
configure:8701: checking if : is a manifest tool
configure:8708: : '-?'
configure:8717: result: no
configure:8733: checking for aarch64-apple-darwin-dsymutil
configure:8769: result: no
configure:8779: checking for dsymutil
configure:8800: found /Applications/Xcode.app/Contents/Developer/Toolchains/XcodeDefault.xctoolchain/usr/bin/dsymutil
configure:8812: result: dsymutil
configure:8837: checking for aarch64-apple-darwin-nmedit
configure:8873: result: no
configure:8883: checking for nmedit
configure:8904: found /Applications/Xcode.app/Contents/Developer/Toolchains/XcodeDefault.xctoolchain/usr/bin/nmedit
configure:8916: result: nmedit
configure:8941: checking for aarch64-apple-darwin-lipo
configure:8977: result: no
configure:8987: checking for lipo
configure:9008: found /Applications/Xcode.app/Contents/Developer/Toolchains/XcodeDefault.xctoolchain/usr/bin/lipo
configure:9020: result: lipo
configure:9045: checking for aarch64-apple-darwin-otool
configure:9081: result: no
configure:9091: checking for otool
configure:9112: found /Applications/Xcode.app/Contents/Developer/Toolchains/XcodeDefault.xctoolchain/usr/bin/otool
configure:9124: result: otool
configure:9149: checking for aarch64-apple-darwin-otool64
configure:9185: result: no
configure:9195: checking for otool64
configure:9231: result: no
configure:9276: checking for -single_module linker flag
/usr/bin/cc -target arm64-apple-macos  -target arm64-apple-macos11 -g -mmacosx-version-min=11 -L/Applications/Xcode.app/Contents/Developer/Platforms/MacOSX.platform/Developer/SDKs/MacOSX26.1.sdk/usr/lib -target arm64-apple-macos11 -o libconftest.dylib -dynamiclib -Wl,-single_module conftest.c
ld: warning: -single_module is obsolete
configure:9311: result: no
configure:9316: checking for -no_fixup_chains linker flag
configure:9335: /usr/bin/cc -target arm64-apple-macos -o conftest  -target arm64-apple-macos11 -g -mmacosx-version-min=11  -L/Applications/Xcode.app/Contents/Developer/Platforms/MacOSX.platform/Developer/SDKs/MacOSX26.1.sdk/usr/lib -target arm64-apple-macos11 -Wl,-no_fixup_chains conftest.c  >&5
configure:9335: $? = 0
configure:9350: result: yes
configure:9353: checking for -exported_symbols_list linker flag
configure:9374: /usr/bin/cc -target arm64-apple-macos -o conftest  -target arm64-apple-macos11 -g -mmacosx-version-min=11  -L/Applications/Xcode.app/Contents/Developer/Platforms/MacOSX.platform/Developer/SDKs/MacOSX26.1.sdk/usr/lib -target arm64-apple-macos11 -Wl,-exported_symbols_list,conftest.sym conftest.c  >&5
configure:9374: $? = 0
configure:9387: result: yes
configure:9390: checking for -force_load linker flag
/usr/bin/cc -target arm64-apple-macos  -target arm64-apple-macos11 -g -mmacosx-version-min=11 -c -o conftest.o conftest.c
ar cr libconftest.a conftest.o
ranlib libconftest.a
/usr/bin/cc -target arm64-apple-macos  -target arm64-apple-macos11 -g -mmacosx-version-min=11 -L/Applications/Xcode.app/Contents/Developer/Platforms/MacOSX.platform/Developer/SDKs/MacOSX26.1.sdk/usr/lib -target arm64-apple-macos11 -o conftest conftest.c -Wl,-force_load,./libconftest.a
configure:9424: result: yes
configure:9510: checking for dlfcn.h
configure:9510: /usr/bin/cc -target arm64-apple-macos -c  -target arm64-apple-macos11 -g -mmacosx-version-min=11  conftest.c >&5
configure:9510: $? = 0
configure:9510: result: yes
configure:10147: checking for objdir
configure:10164: result: .libs
configure:10430: checking if /usr/bin/cc -target arm64-apple-macos supports -fno-rtti -fno-exceptions
configure:10449: /usr/bin/cc -target arm64-apple-macos -c  -target arm64-apple-macos11 -g -mmacosx-version-min=11  -fno-rtti -fno-exceptions conftest.c >&5
configure:10453: $? = 0
configure:10467: result: yes
configure:10840: checking for /usr/bin/cc -target arm64-apple-macos option to produce PIC
configure:10849: result: -fno-common -DPIC
configure:10857: checking if /usr/bin/cc -target arm64-apple-macos PIC flag -fno-common -DPIC works
configure:10876: /usr/bin/cc -target arm64-apple-macos -c  -target arm64-apple-macos11 -g -mmacosx-version-min=11  -fno-common -DPIC -DPIC conftest.c >&5
configure:10880: $? = 0
configure:10894: result: yes
configure:10923: checking if /usr/bin/cc -target arm64-apple-macos static flag -static works
configure:10953: result: no
configure:10968: checking if /usr/bin/cc -target arm64-apple-macos supports -c -o file.o
configure:10990: /usr/bin/cc -target arm64-apple-macos -c  -target arm64-apple-macos11 -g -mmacosx-version-min=11  -o out/conftest2.o conftest.c >&5
configure:10994: $? = 0
configure:11017: result: yes
configure:11025: checking if /usr/bin/cc -target arm64-apple-macos supports -c -o file.o
configure:11074: result: yes
configure:11107: checking whether the /usr/bin/cc -target arm64-apple-macos linker (/Applications/Xcode.app/Contents/Developer/Toolchains/XcodeDefault.xctoolchain/usr/bin/ld) supports shared libraries
configure:12391: result: yes
configure:12633: checking dynamic linker characteristics
configure:14017: result: darwin dyld
configure:14139: checking how to hardcode library paths into programs
configure:14164: result: immediate
configure:14764: checking whether stripping libraries is possible
configure:14781: result: yes
configure:14815: checking if libtool supports shared libraries
configure:14817: result: yes
configure:14820: checking whether to build shared libraries
configure:14845: result: no
configure:14848: checking whether to build static libraries
configure:14852: result: yes
configure:14889: checking whether ln -s works
configure:14893: result: yes
configure:14908: checking for /usr/bin/cc -target arm64-apple-macos option to enable large file support
configure:14943: /usr/bin/cc -target arm64-apple-macos -c  -target arm64-apple-macos11 -g -mmacosx-version-min=11  conftest.c >&5
configure:14943: $? = 0
configure:14949: /usr/bin/cc -target arm64-apple-macos -DFTYPE=ino_t -c  -target arm64-apple-macos11 -g -mmacosx-version-min=11  conftest.c >&5
configure:14949: $? = 0
configure:14974: result: none needed
configure:15083: checking whether the -Werror option is usable
configure:15104: /usr/bin/cc -target arm64-apple-macos -c  -target arm64-apple-macos11 -g -mmacosx-version-min=11 -Werror  conftest.c >&5
configure:15104: $? = 0
configure:15118: /usr/bin/cc -target arm64-apple-macos -c  -target arm64-apple-macos11 -g -mmacosx-version-min=11 -Werror  conftest.c >&5
conftest.c:45:3: error: e [-Werror,-W#warnings]
   45 |  #warning e
      |   ^
1 error generated.
configure:15118: $? = 1
configure: failed program was:
| /* confdefs.h */
| #define PACKAGE_NAME "PCRE2"
| #define PACKAGE_TARNAME "pcre2"
| #define PACKAGE_VERSION "10.48-DEV"
| #define PACKAGE_STRING "PCRE2 10.48-DEV"
| #define PACKAGE_BUGREPORT ""
| #define PACKAGE_URL ""
| #define PACKAGE "pcre2"
| #define VERSION "10.48-DEV"
| #define HAVE_STDIO_H 1
| #define HAVE_STDLIB_H 1
| #define HAVE_STRING_H 1
| #define HAVE_INTTYPES_H 1
| #define HAVE_STDINT_H 1
| #define HAVE_STRINGS_H 1
| #define HAVE_SYS_STAT_H 1
| #define HAVE_SYS_TYPES_H 1
| #define HAVE_UNISTD_H 1
| #define HAVE_WCHAR_H 1
| #define STDC_HEADERS 1
| #define _ALL_SOURCE 1
| #define _DARWIN_C_SOURCE 1
| #define _GNU_SOURCE 1
| #define _HPUX_ALT_XOPEN_SOCKET_API 1
| #define _NETBSD_SOURCE 1
| #define _OPENBSD_SOURCE 1
| #define _POSIX_PTHREAD_SEMANTICS 1
| #define __STDC_WANT_IEC_60559_ATTRIBS_EXT__ 1
| #define __STDC_WANT_IEC_60559_BFP_EXT__ 1
| #define __STDC_WANT_IEC_60559_DFP_EXT__ 1
| #define __STDC_WANT_IEC_60559_EXT__ 1
| #define __STDC_WANT_IEC_60559_FUNCS_EXT__ 1
| #define __STDC_WANT_IEC_60559_TYPES_EXT__ 1
| #define __STDC_WANT_LIB_EXT2__ 1
| #define __STDC_WANT_MATH_SPEC_FUNCS__ 1
| #define _TANDEM_SOURCE 1
| #define __EXTENSIONS__ 1
| #define HAVE_DLFCN_H 1
| #define LT_OBJDIR ".libs/"
| /* end confdefs.h.  */
| 
| int
| main (void)
| {
|  #warning e
|   ;
|   return 0;
| }
configure:15134: result: yes
configure:15143: checking for GCC compatible visibility declarations
configure:15166: /usr/bin/cc -target arm64-apple-macos -c  -target arm64-apple-macos11 -g -mmacosx-version-min=11 -Werror -fvisibility=hidden  conftest.c >&5
configure:15166: $? = 0
configure:15178: result: yes
configure:15220: checking linker version script flag
configure:15255: /usr/bin/cc -target arm64-apple-macos -o conftest  -target arm64-apple-macos11 -g -mmacosx-version-min=11  -L/Applications/Xcode.app/Contents/Developer/Platforms/MacOSX.platform/Developer/SDKs/MacOSX26.1.sdk/usr/lib -target arm64-apple-macos11 -Wl,--version-script,conftest.map conftest.c  >&5
ld: unknown options: --version-script 
clang: error: linker command failed with exit code 1 (use -v to see invocation)
configure:15255: $? = 1
configure: failed program was:
| /* confdefs.h */
| #define PACKAGE_NAME "PCRE2"
| #define PACKAGE_TARNAME "pcre2"
| #define PACKAGE_VERSION "10.48-DEV"
| #define PACKAGE_STRING "PCRE2 10.48-DEV"
| #define PACKAGE_BUGREPORT ""
| #define PACKAGE_URL ""
| #define PACKAGE "pcre2"
| #define VERSION "10.48-DEV"
| #define HAVE_STDIO_H 1
| #define HAVE_STDLIB_H 1
| #define HAVE_STRING_H 1
| #define HAVE_INTTYPES_H 1
| #define HAVE_STDINT_H 1
| #define HAVE_STRINGS_H 1
| #define HAVE_SYS_STAT_H 1
| #define HAVE_SYS_TYPES_H 1
| #define HAVE_UNISTD_H 1
| #define HAVE_WCHAR_H 1
| #define STDC_HEADERS 1
| #define _ALL_SOURCE 1
| #define _DARWIN_C_SOURCE 1
| #define _GNU_SOURCE 1
| #define _HPUX_ALT_XOPEN_SOCKET_API 1
| #define _NETBSD_SOURCE 1
| #define _OPENBSD_SOURCE 1
| #define _POSIX_PTHREAD_SEMANTICS 1
| #define __STDC_WANT_IEC_60559_ATTRIBS_EXT__ 1
| #define __STDC_WANT_IEC_60559_BFP_EXT__ 1
| #define __STDC_WANT_IEC_60559_DFP_EXT__ 1
| #define __STDC_WANT_IEC_60559_EXT__ 1
| #define __STDC_WANT_IEC_60559_FUNCS_EXT__ 1
| #define __STDC_WANT_IEC_60559_TYPES_EXT__ 1
| #define __STDC_WANT_LIB_EXT2__ 1
| #define __STDC_WANT_MATH_SPEC_FUNCS__ 1
| #define _TANDEM_SOURCE 1
| #define __EXTENSIONS__ 1
| #define HAVE_DLFCN_H 1
| #define LT_OBJDIR ".libs/"
| #define PCRE2_EXPORT __attribute__ ((visibility ("default")))
| #define HAVE_VISIBILITY 1
| /* end confdefs.h.  */
| int show, hide;
| int
| main (void)
| {
| 
|   ;
|   return 0;
| }
configure:15308: /usr/bin/cc -target arm64-apple-macos -o conftest  -target arm64-apple-macos11 -g -mmacosx-version-min=11  -L/Applications/Xcode.app/Contents/Developer/Platforms/MacOSX.platform/Developer/SDKs/MacOSX26.1.sdk/usr/lib -target arm64-apple-macos11 -Wl,--version-script,conftest.map conftest.c  >&5
ld: unknown options: --version-script 
clang: error: linker command failed with exit code 1 (use -v to see invocation)
configure:15308: $? = 1
configure: failed program was:
| /* confdefs.h */
| #define PACKAGE_NAME "PCRE2"
| #define PACKAGE_TARNAME "pcre2"
| #define PACKAGE_VERSION "10.48-DEV"
| #define PACKAGE_STRING "PCRE2 10.48-DEV"
| #define PACKAGE_BUGREPORT ""
| #define PACKAGE_URL ""
| #define PACKAGE "pcre2"
| #define VERSION "10.48-DEV"
| #define HAVE_STDIO_H 1
| #define HAVE_STDLIB_H 1
| #define HAVE_STRING_H 1
| #define HAVE_INTTYPES_H 1
| #define HAVE_STDINT_H 1
| #define HAVE_STRINGS_H 1
| #define HAVE_SYS_STAT_H 1
| #define HAVE_SYS_TYPES_H 1
| #define HAVE_UNISTD_H 1
| #define HAVE_WCHAR_H 1
| #define STDC_HEADERS 1
| #define _ALL_SOURCE 1
| #define _DARWIN_C_SOURCE 1
| #define _GNU_SOURCE 1
| #define _HPUX_ALT_XOPEN_SOCKET_API 1
| #define _NETBSD_SOURCE 1
| #define _OPENBSD_SOURCE 1
| #define _POSIX_PTHREAD_SEMANTICS 1
| #define __STDC_WANT_IEC_60559_ATTRIBS_EXT__ 1
| #define __STDC_WANT_IEC_60559_BFP_EXT__ 1
| #define __STDC_WANT_IEC_60559_DFP_EXT__ 1
| #define __STDC_WANT_IEC_60559_EXT__ 1
| #define __STDC_WANT_IEC_60559_FUNCS_EXT__ 1
| #define __STDC_WANT_IEC_60559_TYPES_EXT__ 1
| #define __STDC_WANT_LIB_EXT2__ 1
| #define __STDC_WANT_MATH_SPEC_FUNCS__ 1
| #define _TANDEM_SOURCE 1
| #define __EXTENSIONS__ 1
| #define HAVE_DLFCN_H 1
| #define LT_OBJDIR ".libs/"
| #define PCRE2_EXPORT __attribute__ ((visibility ("default")))
| #define HAVE_VISIBILITY 1
| /* end confdefs.h.  */
| int show, hide;
| int
| main (void)
| {
| 
|   ;
|   return 0;
| }
configure:15357: /usr/bin/cc -target arm64-apple-macos -o conftest  -target arm64-apple-macos11 -g -mmacosx-version-min=11  -L/Applications/Xcode.app/Contents/Developer/Platforms/MacOSX.platform/Developer/SDKs/MacOSX26.1.sdk/usr/lib -target arm64-apple-macos11 -Wl,-M,conftest.map conftest.c  >&5
ld: warning: -M is obsolete
ld: unknown file type in 'conftest.map'
clang: error: linker command failed with exit code 1 (use -v to see invocation)
configure:15357: $? = 1
configure: failed program was:
| /* confdefs.h */
| #define PACKAGE_NAME "PCRE2"
| #define PACKAGE_TARNAME "pcre2"
| #define PACKAGE_VERSION "10.48-DEV"
| #define PACKAGE_STRING "PCRE2 10.48-DEV"
| #define PACKAGE_BUGREPORT ""
| #define PACKAGE_URL ""
| #define PACKAGE "pcre2"
| #define VERSION "10.48-DEV"
| #define HAVE_STDIO_H 1
| #define HAVE_STDLIB_H 1
| #define HAVE_STRING_H 1
| #define HAVE_INTTYPES_H 1
| #define HAVE_STDINT_H 1
| #define HAVE_STRINGS_H 1
| #define HAVE_SYS_STAT_H 1
| #define HAVE_SYS_TYPES_H 1
| #define HAVE_UNISTD_H 1
| #define HAVE_WCHAR_H 1
| #define STDC_HEADERS 1
| #define _ALL_SOURCE 1
| #define _DARWIN_C_SOURCE 1
| #define _GNU_SOURCE 1
| #define _HPUX_ALT_XOPEN_SOCKET_API 1
| #define _NETBSD_SOURCE 1
| #define _OPENBSD_SOURCE 1
| #define _POSIX_PTHREAD_SEMANTICS 1
| #define __STDC_WANT_IEC_60559_ATTRIBS_EXT__ 1
| #define __STDC_WANT_IEC_60559_BFP_EXT__ 1
| #define __STDC_WANT_IEC_60559_DFP_EXT__ 1
| #define __STDC_WANT_IEC_60559_EXT__ 1
| #define __STDC_WANT_IEC_60559_FUNCS_EXT__ 1
| #define __STDC_WANT_IEC_60559_TYPES_EXT__ 1
| #define __STDC_WANT_LIB_EXT2__ 1
| #define __STDC_WANT_MATH_SPEC_FUNCS__ 1
| #define _TANDEM_SOURCE 1
| #define __EXTENSIONS__ 1
| #define HAVE_DLFCN_H 1
| #define LT_OBJDIR ".libs/"
| #define PCRE2_EXPORT __attribute__ ((visibility ("default")))
| #define HAVE_VISIBILITY 1
| /* end confdefs.h.  */
| int show, hide;
| int
| main (void)
| {
| 
|   ;
|   return 0;
| }
configure:15426: result: unsupported
configure:15542: checking for __attribute__((uninitialized))
configure:15565: /usr/bin/cc -target arm64-apple-macos -c  -target arm64-apple-macos11 -g -mmacosx-version-min=11 -Werror  conftest.c >&5
configure:15565: $? = 0
configure:15573: result: yes
configure:15590: checking for __assume()
configure:15609: /usr/bin/cc -target arm64-apple-macos -o conftest  -target arm64-apple-macos11 -g -mmacosx-version-min=11  -L/Applications/Xcode.app/Contents/Developer/Platforms/MacOSX.platform/Developer/SDKs/MacOSX26.1.sdk/usr/lib -target arm64-apple-macos11 conftest.c  >&5
conftest.c:48:1: error: call to undeclared function '__assume'; ISO C99 and later do not support implicit function declarations [-Wimplicit-function-declaration]
   48 | __assume(1)
      | ^
1 error generated.
configure:15609: $? = 1
configure: failed program was:
| /* confdefs.h */
| #define PACKAGE_NAME "PCRE2"
| #define PACKAGE_TARNAME "pcre2"
| #define PACKAGE_VERSION "10.48-DEV"
| #define PACKAGE_STRING "PCRE2 10.48-DEV"
| #define PACKAGE_BUGREPORT ""
| #define PACKAGE_URL ""
| #define PACKAGE "pcre2"
| #define VERSION "10.48-DEV"
| #define HAVE_STDIO_H 1
| #define HAVE_STDLIB_H 1
| #define HAVE_STRING_H 1
| #define HAVE_INTTYPES_H 1
| #define HAVE_STDINT_H 1
| #define HAVE_STRINGS_H 1
| #define HAVE_SYS_STAT_H 1
| #define HAVE_SYS_TYPES_H 1
| #define HAVE_UNISTD_H 1
| #define HAVE_WCHAR_H 1
| #define STDC_HEADERS 1
| #define _ALL_SOURCE 1
| #define _DARWIN_C_SOURCE 1
| #define _GNU_SOURCE 1
| #define _HPUX_ALT_XOPEN_SOCKET_API 1
| #define _NETBSD_SOURCE 1
| #define _OPENBSD_SOURCE 1
| #define _POSIX_PTHREAD_SEMANTICS 1
| #define __STDC_WANT_IEC_60559_ATTRIBS_EXT__ 1
| #define __STDC_WANT_IEC_60559_BFP_EXT__ 1
| #define __STDC_WANT_IEC_60559_DFP_EXT__ 1
| #define __STDC_WANT_IEC_60559_EXT__ 1
| #define __STDC_WANT_IEC_60559_FUNCS_EXT__ 1
| #define __STDC_WANT_IEC_60559_TYPES_EXT__ 1
| #define __STDC_WANT_LIB_EXT2__ 1
| #define __STDC_WANT_MATH_SPEC_FUNCS__ 1
| #define _TANDEM_SOURCE 1
| #define __EXTENSIONS__ 1
| #define HAVE_DLFCN_H 1
| #define LT_OBJDIR ".libs/"
| #define PCRE2_EXPORT __attribute__ ((visibility ("default")))
| #define HAVE_VISIBILITY 1
| #define HAVE_ATTRIBUTE_UNINITIALIZED 1
| /* end confdefs.h.  */
| 
| int
| main (void)
| {
| __assume(1)
|   ;
|   return 0;
| }
configure:15618: result: no
configure:15634: checking for __builtin_mul_overflow()
configure:15661: /usr/bin/cc -target arm64-apple-macos -o conftest  -target arm64-apple-macos11 -g -mmacosx-version-min=11  -L/Applications/Xcode.app/Contents/Developer/Platforms/MacOSX.platform/Developer/SDKs/MacOSX26.1.sdk/usr/lib -target arm64-apple-macos11 conftest.c  >&5
configure:15661: $? = 0
configure:15670: result: yes
configure:15686: checking for __builtin_unreachable()
configure:15705: /usr/bin/cc -target arm64-apple-macos -o conftest  -target arm64-apple-macos11 -g -mmacosx-version-min=11  -L/Applications/Xcode.app/Contents/Developer/Platforms/MacOSX.platform/Developer/SDKs/MacOSX26.1.sdk/usr/lib -target arm64-apple-macos11 conftest.c  >&5
configure:15705: $? = 0
configure:15714: result: yes
configure:16378: checking for assert.h
configure:16378: /usr/bin/cc -target arm64-apple-macos -c  -target arm64-apple-macos11 -g -mmacosx-version-min=11  conftest.c >&5
configure:16378: $? = 0
configure:16378: result: yes
configure:16384: checking for limits.h
configure:16384: /usr/bin/cc -target arm64-apple-macos -c  -target arm64-apple-macos11 -g -mmacosx-version-min=11  conftest.c >&5
configure:16384: $? = 0
configure:16384: result: yes
configure:16390: checking for sys/types.h
configure:16390: result: yes
configure:16396: checking for sys/stat.h
configure:16396: result: yes
configure:16402: checking for dirent.h
configure:16402: /usr/bin/cc -target arm64-apple-macos -c  -target arm64-apple-macos11 -g -mmacosx-version-min=11  conftest.c >&5
configure:16402: $? = 0
configure:16402: result: yes
configure:16411: checking for windows.h
configure:16411: /usr/bin/cc -target arm64-apple-macos -c  -target arm64-apple-macos11 -g -mmacosx-version-min=11  conftest.c >&5
conftest.c:79:10: fatal error: 'windows.h' file not found
   79 | #include <windows.h>
      |          ^~~~~~~~~~~
1 error generated.
configure:16411: $? = 1
configure: failed program was:
| /* confdefs.h */
| #define PACKAGE_NAME "PCRE2"
| #define PACKAGE_TARNAME "pcre2"
| #define PACKAGE_VERSION "10.48-DEV"
| #define PACKAGE_STRING "PCRE2 10.48-DEV"
| #define PACKAGE_BUGREPORT ""
| #define PACKAGE_URL ""
| #define PACKAGE "pcre2"
| #define VERSION "10.48-DEV"
| #define HAVE_STDIO_H 1
| #define HAVE_STDLIB_H 1
| #define HAVE_STRING_H 1
| #define HAVE_INTTYPES_H 1
| #define HAVE_STDINT_H 1
| #define HAVE_STRINGS_H 1
| #define HAVE_SYS_STAT_H 1
| #define HAVE_SYS_TYPES_H 1
| #define HAVE_UNISTD_H 1
| #define HAVE_WCHAR_H 1
| #define STDC_HEADERS 1
| #define _ALL_SOURCE 1
| #define _DARWIN_C_SOURCE 1
| #define _GNU_SOURCE 1
| #define _HPUX_ALT_XOPEN_SOCKET_API 1
| #define _NETBSD_SOURCE 1
| #define _OPENBSD_SOURCE 1
| #define _POSIX_PTHREAD_SEMANTICS 1
| #define __STDC_WANT_IEC_60559_ATTRIBS_EXT__ 1
| #define __STDC_WANT_IEC_60559_BFP_EXT__ 1
| #define __STDC_WANT_IEC_60559_DFP_EXT__ 1
| #define __STDC_WANT_IEC_60559_EXT__ 1
| #define __STDC_WANT_IEC_60559_FUNCS_EXT__ 1
| #define __STDC_WANT_IEC_60559_TYPES_EXT__ 1
| #define __STDC_WANT_LIB_EXT2__ 1
| #define __STDC_WANT_MATH_SPEC_FUNCS__ 1
| #define _TANDEM_SOURCE 1
| #define __EXTENSIONS__ 1
| #define HAVE_DLFCN_H 1
| #define LT_OBJDIR ".libs/"
| #define PCRE2_EXPORT __attribute__ ((visibility ("default")))
| #define HAVE_VISIBILITY 1
| #define HAVE_ATTRIBUTE_UNINITIALIZED 1
| #define HAVE_BUILTIN_MUL_OVERFLOW 1
| #define HAVE_BUILTIN_UNREACHABLE 1
| #define HAVE_ASSERT_H 1
| #define HAVE_LIMITS_H 1
| #define HAVE_SYS_TYPES_H 1
| #define HAVE_SYS_STAT_H 1
| #define HAVE_DIRENT_H 1
| /* end confdefs.h.  */
| #include <stddef.h>
| #ifdef HAVE_STDIO_H
| # include <stdio.h>
| #endif
| #ifdef HAVE_STDLIB_H
| # include <stdlib.h>
| #endif
| #ifdef HAVE_STRING_H
| # include <string.h>
| #endif
| #ifdef HAVE_INTTYPES_H
| # include <inttypes.h>
| #endif
| #ifdef HAVE_STDINT_H
| # include <stdint.h>
| #endif
| #ifdef HAVE_STRINGS_H
| # include <strings.h>
| #endif
| #ifdef HAVE_SYS_TYPES_H
| # include <sys/types.h>
| #endif
| #ifdef HAVE_SYS_STAT_H
| # include <sys/stat.h>
| #endif
| #ifdef HAVE_UNISTD_H
| # include <unistd.h>
| #endif
| #include <windows.h>
configure:16411: result: no
configure:16421: checking for sys/wait.h
configure:16421: /usr/bin/cc -target arm64-apple-macos -c  -target arm64-apple-macos11 -g -mmacosx-version-min=11  conftest.c >&5
configure:16421: $? = 0
configure:16421: result: yes
configure:16541: checking for an ANSI C-conforming const
configure:16608: /usr/bin/cc -target arm64-apple-macos -c  -target arm64-apple-macos11 -g -mmacosx-version-min=11  conftest.c >&5
configure:16608: $? = 0
configure:16618: result: yes
configure:16626: checking for size_t
configure:16626: /usr/bin/cc -target arm64-apple-macos -c  -target arm64-apple-macos11 -g -mmacosx-version-min=11  conftest.c >&5
configure:16626: $? = 0
configure:16626: /usr/bin/cc -target arm64-apple-macos -c  -target arm64-apple-macos11 -g -mmacosx-version-min=11  conftest.c >&5
conftest.c:83:21: error: expected expression
   83 | if (sizeof ((size_t)))
      |                     ^
1 error generated.
configure:16626: $? = 1
configure: failed program was:
| /* confdefs.h */
| #define PACKAGE_NAME "PCRE2"
| #define PACKAGE_TARNAME "pcre2"
| #define PACKAGE_VERSION "10.48-DEV"
| #define PACKAGE_STRING "PCRE2 10.48-DEV"
| #define PACKAGE_BUGREPORT ""
| #define PACKAGE_URL ""
| #define PACKAGE "pcre2"
| #define VERSION "10.48-DEV"
| #define HAVE_STDIO_H 1
| #define HAVE_STDLIB_H 1
| #define HAVE_STRING_H 1
| #define HAVE_INTTYPES_H 1
| #define HAVE_STDINT_H 1
| #define HAVE_STRINGS_H 1
| #define HAVE_SYS_STAT_H 1
| #define HAVE_SYS_TYPES_H 1
| #define HAVE_UNISTD_H 1
| #define HAVE_WCHAR_H 1
| #define STDC_HEADERS 1
| #define _ALL_SOURCE 1
| #define _DARWIN_C_SOURCE 1
| #define _GNU_SOURCE 1
| #define _HPUX_ALT_XOPEN_SOCKET_API 1
| #define _NETBSD_SOURCE 1
| #define _OPENBSD_SOURCE 1
| #define _POSIX_PTHREAD_SEMANTICS 1
| #define __STDC_WANT_IEC_60559_ATTRIBS_EXT__ 1
| #define __STDC_WANT_IEC_60559_BFP_EXT__ 1
| #define __STDC_WANT_IEC_60559_DFP_EXT__ 1
| #define __STDC_WANT_IEC_60559_EXT__ 1
| #define __STDC_WANT_IEC_60559_FUNCS_EXT__ 1
| #define __STDC_WANT_IEC_60559_TYPES_EXT__ 1
| #define __STDC_WANT_LIB_EXT2__ 1
| #define __STDC_WANT_MATH_SPEC_FUNCS__ 1
| #define _TANDEM_SOURCE 1
| #define __EXTENSIONS__ 1
| #define HAVE_DLFCN_H 1
| #define LT_OBJDIR ".libs/"
| #define PCRE2_EXPORT __attribute__ ((visibility ("default")))
| #define HAVE_VISIBILITY 1
| #define HAVE_ATTRIBUTE_UNINITIALIZED 1
| #define HAVE_BUILTIN_MUL_OVERFLOW 1
| #define HAVE_BUILTIN_UNREACHABLE 1
| #define HAVE_ASSERT_H 1
| #define HAVE_LIMITS_H 1
| #define HAVE_SYS_TYPES_H 1
| #define HAVE_SYS_STAT_H 1
| #define HAVE_DIRENT_H 1
| #define HAVE_SYS_WAIT_H 1
| /* end confdefs.h.  */
| #include <stddef.h>
| #ifdef HAVE_STDIO_H
| # include <stdio.h>
| #endif
| #ifdef HAVE_STDLIB_H
| # include <stdlib.h>
| #endif
| #ifdef HAVE_STRING_H
| # include <string.h>
| #endif
| #ifdef HAVE_INTTYPES_H
| # include <inttypes.h>
| #endif
| #ifdef HAVE_STDINT_H
| # include <stdint.h>
| #endif
| #ifdef HAVE_STRINGS_H
| # include <strings.h>
| #endif
| #ifdef HAVE_SYS_TYPES_H
| # include <sys/types.h>
| #endif
| #ifdef HAVE_SYS_STAT_H
| # include <sys/stat.h>
| #endif
| #ifdef HAVE_UNISTD_H
| # include <unistd.h>
| #endif
| int
| main (void)
| {
| if (sizeof ((size_t)))
| 	    return 0;
|   ;
|   return 0;
| }
configure:16626: result: yes
configure:16640: checking for memfd_create
configure:16640: /usr/bin/cc -target arm64-apple-macos -o conftest  -target arm64-apple-macos11 -g -mmacosx-version-min=11  -L/Applications/Xcode.app/Contents/Developer/Platforms/MacOSX.platform/Developer/SDKs/MacOSX26.1.sdk/usr/lib -target arm64-apple-macos11 conftest.c  >&5
Undefined symbols for architecture arm64:
  "_memfd_create", referenced from:
      _main in conftest-f758f0.o
ld: symbol(s) not found for architecture arm64
clang: error: linker command failed with exit code 1 (use -v to see invocation)
configure:16640: $? = 1
configure: failed program was:
| /* confdefs.h */
| #define PACKAGE_NAME "PCRE2"
| #define PACKAGE_TARNAME "pcre2"
| #define PACKAGE_VERSION "10.48-DEV"
| #define PACKAGE_STRING "PCRE2 10.48-DEV"
| #define PACKAGE_BUGREPORT ""
| #define PACKAGE_URL ""
| #define PACKAGE "pcre2"
| #define VERSION "10.48-DEV"
| #define HAVE_STDIO_H 1
| #define HAVE_STDLIB_H 1
| #define HAVE_STRING_H 1
| #define HAVE_INTTYPES_H 1
| #define HAVE_STDINT_H 1
| #define HAVE_STRINGS_H 1
| #define HAVE_SYS_STAT_H 1
| #define HAVE_SYS_TYPES_H 1
| #define HAVE_UNISTD_H 1
| #define HAVE_WCHAR_H 1
| #define STDC_HEADERS 1
| #define _ALL_SOURCE 1
| #define _DARWIN_C_SOURCE 1
| #define _GNU_SOURCE 1
| #define _HPUX_ALT_XOPEN_SOCKET_API 1
| #define _NETBSD_SOURCE 1
| #define _OPENBSD_SOURCE 1
| #define _POSIX_PTHREAD_SEMANTICS 1
| #define __STDC_WANT_IEC_60559_ATTRIBS_EXT__ 1
| #define __STDC_WANT_IEC_60559_BFP_EXT__ 1
| #define __STDC_WANT_IEC_60559_DFP_EXT__ 1
| #define __STDC_WANT_IEC_60559_EXT__ 1
| #define __STDC_WANT_IEC_60559_FUNCS_EXT__ 1
| #define __STDC_WANT_IEC_60559_TYPES_EXT__ 1
| #define __STDC_WANT_LIB_EXT2__ 1
| #define __STDC_WANT_MATH_SPEC_FUNCS__ 1
| #define _TANDEM_SOURCE 1
| #define __EXTENSIONS__ 1
| #define HAVE_DLFCN_H 1
| #define LT_OBJDIR ".libs/"
| #define PCRE2_EXPORT __attribute__ ((visibility ("default")))
| #define HAVE_VISIBILITY 1
| #define HAVE_ATTRIBUTE_UNINITIALIZED 1
| #define HAVE_BUILTIN_MUL_OVERFLOW 1
| #define HAVE_BUILTIN_UNREACHABLE 1
| #define HAVE_ASSERT_H 1
| #define HAVE_LIMITS_H 1
| #define HAVE_SYS_TYPES_H 1
| #define HAVE_SYS_STAT_H 1
| #define HAVE_DIRENT_H 1
| #define HAVE_SYS_WAIT_H 1
| /* end confdefs.h.  */
| /* Define memfd_create to an innocuous variant, in case <limits.h> declares memfd_create.
|    For example, HP-UX 11i <limits.h> declares gettimeofday.  */
| #define memfd_create innocuous_memfd_create
| 
| /* System header to define __stub macros and hopefully few prototypes,
|    which can conflict with char memfd_create (void); below.  */
| 
| #include <limits.h>
| #undef memfd_create
| 
| /* Override any GCC internal prototype to avoid an error.
|    Use char because int might match the return type of a GCC
|    builtin and then its argument prototype would still apply.  */
| #ifdef __cplusplus
| extern "C"
| #endif
| char memfd_create (void);
| /* The GNU C library defines this for functions which it implements
|     to always fail with ENOSYS.  Some functions are actually named
|     something starting with __ and the normal name is an alias.  */
| #if defined __stub_memfd_create || defined __stub___memfd_create
| choke me
| #endif
| 
| int
| main (void)
| {
| return memfd_create ();
|   ;
|   return 0;
| }
configure:16640: result: no
configure:16646: checking for mkostemp
configure:16646: /usr/bin/cc -target arm64-apple-macos -o conftest  -target arm64-apple-macos11 -g -mmacosx-version-min=11  -L/Applications/Xcode.app/Contents/Developer/Platforms/MacOSX.platform/Developer/SDKs/MacOSX26.1.sdk/usr/lib -target arm64-apple-macos11 conftest.c  >&5
configure:16646: $? = 0
configure:16646: result: yes
configure:16652: checking for secure_getenv
configure:16652: /usr/bin/cc -target arm64-apple-macos -o conftest  -target arm64-apple-macos11 -g -mmacosx-version-min=11  -L/Applications/Xcode.app/Contents/Developer/Platforms/MacOSX.platform/Developer/SDKs/MacOSX26.1.sdk/usr/lib -target arm64-apple-macos11 conftest.c  >&5
Undefined symbols for architecture arm64:
  "_secure_getenv", referenced from:
      _main in conftest-b8f7ee.o
ld: symbol(s) not found for architecture arm64
clang: error: linker command failed with exit code 1 (use -v to see invocation)
configure:16652: $? = 1
configure: failed program was:
| /* confdefs.h */
| #define PACKAGE_NAME "PCRE2"
| #define PACKAGE_TARNAME "pcre2"
| #define PACKAGE_VERSION "10.48-DEV"
| #define PACKAGE_STRING "PCRE2 10.48-DEV"
| #define PACKAGE_BUGREPORT ""
| #define PACKAGE_URL ""
| #define PACKAGE "pcre2"
| #define VERSION "10.48-DEV"
| #define HAVE_STDIO_H 1
| #define HAVE_STDLIB_H 1
| #define HAVE_STRING_H 1
| #define HAVE_INTTYPES_H 1
| #define HAVE_STDINT_H 1
| #define HAVE_STRINGS_H 1
| #define HAVE_SYS_STAT_H 1
| #define HAVE_SYS_TYPES_H 1
| #define HAVE_UNISTD_H 1
| #define HAVE_WCHAR_H 1
| #define STDC_HEADERS 1
| #define _ALL_SOURCE 1
| #define _DARWIN_C_SOURCE 1
| #define _GNU_SOURCE 1
| #define _HPUX_ALT_XOPEN_SOCKET_API 1
| #define _NETBSD_SOURCE 1
| #define _OPENBSD_SOURCE 1
| #define _POSIX_PTHREAD_SEMANTICS 1
| #define __STDC_WANT_IEC_60559_ATTRIBS_EXT__ 1
| #define __STDC_WANT_IEC_60559_BFP_EXT__ 1
| #define __STDC_WANT_IEC_60559_DFP_EXT__ 1
| #define __STDC_WANT_IEC_60559_EXT__ 1
| #define __STDC_WANT_IEC_60559_FUNCS_EXT__ 1
| #define __STDC_WANT_IEC_60559_TYPES_EXT__ 1
| #define __STDC_WANT_LIB_EXT2__ 1
| #define __STDC_WANT_MATH_SPEC_FUNCS__ 1
| #define _TANDEM_SOURCE 1
| #define __EXTENSIONS__ 1
| #define HAVE_DLFCN_H 1
| #define LT_OBJDIR ".libs/"
| #define PCRE2_EXPORT __attribute__ ((visibility ("default")))
| #define HAVE_VISIBILITY 1
| #define HAVE_ATTRIBUTE_UNINITIALIZED 1
| #define HAVE_BUILTIN_MUL_OVERFLOW 1
| #define HAVE_BUILTIN_UNREACHABLE 1
| #define HAVE_ASSERT_H 1
| #define HAVE_LIMITS_H 1
| #define HAVE_SYS_TYPES_H 1
| #define HAVE_SYS_STAT_H 1
| #define HAVE_DIRENT_H 1
| #define HAVE_SYS_WAIT_H 1
| #define HAVE_MKOSTEMP 1
| /* end confdefs.h.  */
| /* Define secure_getenv to an innocuous variant, in case <limits.h> declares secure_getenv.
|    For example, HP-UX 11i <limits.h> declares gettimeofday.  */
| #define secure_getenv innocuous_secure_getenv
| 
| /* System header to define __stub macros and hopefully few prototypes,
|    which can conflict with char secure_getenv (void); below.  */
| 
| #include <limits.h>
| #undef secure_getenv
| 
| /* Override any GCC internal prototype to avoid an error.
|    Use char because int might match the return type of a GCC
|    builtin and then its argument prototype would still apply.  */
| #ifdef __cplusplus
| extern "C"
| #endif
| char secure_getenv (void);
| /* The GNU C library defines this for functions which it implements
|     to always fail with ENOSYS.  Some functions are actually named
|     something starting with __ and the normal name is an alias.  */
| #if defined __stub_secure_getenv || defined __stub___secure_getenv
| choke me
| #endif
| 
| int
| main (void)
| {
| return secure_getenv ();
|   ;
|   return 0;
| }
configure:16652: result: no
configure:16659: checking for realpath
configure:16678: /usr/bin/cc -target arm64-apple-macos -o conftest  -target arm64-apple-macos11 -g -mmacosx-version-min=11  -L/Applications/Xcode.app/Contents/Developer/Platforms/MacOSX.platform/Developer/SDKs/MacOSX26.1.sdk/usr/lib -target arm64-apple-macos11 conftest.c  >&5
configure:16678: $? = 0
configure:16680: result: yes
configure:16698: checking for zlib.h
configure:16698: /usr/bin/cc -target arm64-apple-macos -c  -target arm64-apple-macos11 -g -mmacosx-version-min=11  conftest.c >&5
configure:16698: $? = 0
configure:16698: result: yes
configure:16706: checking for gzopen in -lz
configure:16735: /usr/bin/cc -target arm64-apple-macos -o conftest  -target arm64-apple-macos11 -g -mmacosx-version-min=11  -L/Applications/Xcode.app/Contents/Developer/Platforms/MacOSX.platform/Developer/SDKs/MacOSX26.1.sdk/usr/lib -target arm64-apple-macos11 conftest.c -lz   >&5
configure:16735: $? = 0
configure:16747: result: yes
configure:16773: checking for bzlib.h
configure:16773: /usr/bin/cc -target arm64-apple-macos -c  -target arm64-apple-macos11 -g -mmacosx-version-min=11  conftest.c >&5
configure:16773: $? = 0
configure:16773: result: yes
configure:16786: checking for libbz2
configure:16804: /usr/bin/cc -target arm64-apple-macos -o conftest  -target arm64-apple-macos11 -g -mmacosx-version-min=11  -L/Applications/Xcode.app/Contents/Developer/Platforms/MacOSX.platform/Developer/SDKs/MacOSX26.1.sdk/usr/lib -target arm64-apple-macos11 conftest.c  -lbz2 >&5
conftest.c:63:8: warning: cast to smaller integer type 'int' from 'BZFILE *' (aka 'void *') [-Wvoid-pointer-to-int-cast]
   63 | return (int)BZ2_bzopen("conftest", "rb");
      |        ^~~~~~~~~~~~~~~~~~~~~~~~~~~~~~~~~
1 warning generated.
configure:16804: $? = 0
configure:16806: result: yes
configure:17288: checking how to run the C preprocessor
configure:17314: /usr/bin/cc -target arm64-apple-macos -E  conftest.c
configure:17314: $? = 0
configure:17330: /usr/bin/cc -target arm64-apple-macos -E  conftest.c
conftest.c:58:10: fatal error: 'ac_nonexistent.h' file not found
   58 | #include <ac_nonexistent.h>
      |          ^~~~~~~~~~~~~~~~~~
1 error generated.
configure:17330: $? = 1
configure: failed program was:
| /* confdefs.h */
| #define PACKAGE_NAME "PCRE2"
| #define PACKAGE_TARNAME "pcre2"
| #define PACKAGE_VERSION "10.48-DEV"
| #define PACKAGE_STRING "PCRE2 10.48-DEV"
| #define PACKAGE_BUGREPORT ""
| #define PACKAGE_URL ""
| #define PACKAGE "pcre2"
| #define VERSION "10.48-DEV"
| #define HAVE_STDIO_H 1
| #define HAVE_STDLIB_H 1
| #define HAVE_STRING_H 1
| #define HAVE_INTTYPES_H 1
| #define HAVE_STDINT_H 1
| #define HAVE_STRINGS_H 1
| #define HAVE_SYS_STAT_H 1
| #define HAVE_SYS_TYPES_H 1
| #define HAVE_UNISTD_H 1
| #define HAVE_WCHAR_H 1
| #define STDC_HEADERS 1
| #define _ALL_SOURCE 1
| #define _DARWIN_C_SOURCE 1
| #define _GNU_SOURCE 1
| #define _HPUX_ALT_XOPEN_SOCKET_API 1
| #define _NETBSD_SOURCE 1
| #define _OPENBSD_SOURCE 1
| #define _POSIX_PTHREAD_SEMANTICS 1
| #define __STDC_WANT_IEC_60559_ATTRIBS_EXT__ 1
| #define __STDC_WANT_IEC_60559_BFP_EXT__ 1
| #define __STDC_WANT_IEC_60559_DFP_EXT__ 1
| #define __STDC_WANT_IEC_60559_EXT__ 1
| #define __STDC_WANT_IEC_60559_FUNCS_EXT__ 1
| #define __STDC_WANT_IEC_60559_TYPES_EXT__ 1
| #define __STDC_WANT_LIB_EXT2__ 1
| #define __STDC_WANT_MATH_SPEC_FUNCS__ 1
| #define _TANDEM_SOURCE 1
| #define __EXTENSIONS__ 1
| #define HAVE_DLFCN_H 1
| #define LT_OBJDIR ".libs/"
| #define PCRE2_EXPORT __attribute__ ((visibility ("default")))
| #define HAVE_VISIBILITY 1
| #define HAVE_ATTRIBUTE_UNINITIALIZED 1
| #define HAVE_BUILTIN_MUL_OVERFLOW 1
| #define HAVE_BUILTIN_UNREACHABLE 1
| #define HAVE_ASSERT_H 1
| #define HAVE_LIMITS_H 1
| #define HAVE_SYS_TYPES_H 1
| #define HAVE_SYS_STAT_H 1
| #define HAVE_DIRENT_H 1
| #define HAVE_SYS_WAIT_H 1
| #define HAVE_MKOSTEMP 1
| #define HAVE_REALPATH 1
| #define HAVE_ZLIB_H 1
| #define HAVE_BZLIB_H 1
| #define PCRE2_STATIC 1
| #define SUPPORT_PCRE2_32 /**/
| /* end confdefs.h.  */
| #include <ac_nonexistent.h>
configure:17359: result: /usr/bin/cc -target arm64-apple-macos -E
configure:17373: /usr/bin/cc -target arm64-apple-macos -E  conftest.c
configure:17373: $? = 0
configure:17389: /usr/bin/cc -target arm64-apple-macos -E  conftest.c
conftest.c:58:10: fatal error: 'ac_nonexistent.h' file not found
   58 | #include <ac_nonexistent.h>
      |          ^~~~~~~~~~~~~~~~~~
1 error generated.
configure:17389: $? = 1
configure: failed program was:
| /* confdefs.h */
| #define PACKAGE_NAME "PCRE2"
| #define PACKAGE_TARNAME "pcre2"
| #define PACKAGE_VERSION "10.48-DEV"
| #define PACKAGE_STRING "PCRE2 10.48-DEV"
| #define PACKAGE_BUGREPORT ""
| #define PACKAGE_URL ""
| #define PACKAGE "pcre2"
| #define VERSION "10.48-DEV"
| #define HAVE_STDIO_H 1
| #define HAVE_STDLIB_H 1
| #define HAVE_STRING_H 1
| #define HAVE_INTTYPES_H 1
| #define HAVE_STDINT_H 1
| #define HAVE_STRINGS_H 1
| #define HAVE_SYS_STAT_H 1
| #define HAVE_SYS_TYPES_H 1
| #define HAVE_UNISTD_H 1
| #define HAVE_WCHAR_H 1
| #define STDC_HEADERS 1
| #define _ALL_SOURCE 1
| #define _DARWIN_C_SOURCE 1
| #define _GNU_SOURCE 1
| #define _HPUX_ALT_XOPEN_SOCKET_API 1
| #define _NETBSD_SOURCE 1
| #define _OPENBSD_SOURCE 1
| #define _POSIX_PTHREAD_SEMANTICS 1
| #define __STDC_WANT_IEC_60559_ATTRIBS_EXT__ 1
| #define __STDC_WANT_IEC_60559_BFP_EXT__ 1
| #define __STDC_WANT_IEC_60559_DFP_EXT__ 1
| #define __STDC_WANT_IEC_60559_EXT__ 1
| #define __STDC_WANT_IEC_60559_FUNCS_EXT__ 1
| #define __STDC_WANT_IEC_60559_TYPES_EXT__ 1
| #define __STDC_WANT_LIB_EXT2__ 1
| #define __STDC_WANT_MATH_SPEC_FUNCS__ 1
| #define _TANDEM_SOURCE 1
| #define __EXTENSIONS__ 1
| #define HAVE_DLFCN_H 1
| #define LT_OBJDIR ".libs/"
| #define PCRE2_EXPORT __attribute__ ((visibility ("default")))
| #define HAVE_VISIBILITY 1
| #define HAVE_ATTRIBUTE_UNINITIALIZED 1
| #define HAVE_BUILTIN_MUL_OVERFLOW 1
| #define HAVE_BUILTIN_UNREACHABLE 1
| #define HAVE_ASSERT_H 1
| #define HAVE_LIMITS_H 1
| #define HAVE_SYS_TYPES_H 1
| #define HAVE_SYS_STAT_H 1
| #define HAVE_DIRENT_H 1
| #define HAVE_SYS_WAIT_H 1
| #define HAVE_MKOSTEMP 1
| #define HAVE_REALPATH 1
| #define HAVE_ZLIB_H 1
| #define HAVE_BZLIB_H 1
| #define PCRE2_STATIC 1
| #define SUPPORT_PCRE2_32 /**/
| /* end confdefs.h.  */
| #include <ac_nonexistent.h>
configure:17422: checking for egrep -e
configure:17552: result: /usr/bin/grep -E
configure:17722: checking whether /usr/bin/cc -target arm64-apple-macos is Clang
configure:17750: result: yes
configure:17816: checking whether pthreads work with "-pthread" and "-lpthread"
configure:17928: /usr/bin/cc -target arm64-apple-macos -o conftest  -target arm64-apple-macos11 -g -mmacosx-version-min=11 -pthread  -L/Applications/Xcode.app/Contents/Developer/Platforms/MacOSX.platform/Developer/SDKs/MacOSX26.1.sdk/usr/lib -target arm64-apple-macos11 conftest.c -lpthread  >&5
configure:17928: $? = 0
configure:17938: result: yes
configure:17987: checking whether Clang needs flag to prevent "argument unused" warning when linking with -pthread
configure:18014: /usr/bin/cc -target arm64-apple-macos -o conftest -Werror -Wunknown-warning-option  -pthread  -target arm64-apple-macos11 -g -mmacosx-version-min=11  -L/Applications/Xcode.app/Contents/Developer/Platforms/MacOSX.platform/Developer/SDKs/MacOSX26.1.sdk/usr/lib -target arm64-apple-macos11 conftest.c  >&5
configure:18014: $? = 0
configure:18021: (/usr/bin/cc -target arm64-apple-macos -c -Werror -Wunknown-warning-option  -pthread  -target arm64-apple-macos11 -g -mmacosx-version-min=11  conftest.c >&5) && (echo ==== >&5) && (/usr/bin/cc -target arm64-apple-macos -o conftest -Werror -Wunknown-warning-option  -pthread  -target arm64-apple-macos11 -g -mmacosx-version-min=11  -L/Applications/Xcode.app/Contents/Developer/Platforms/MacOSX.platform/Developer/SDKs/MacOSX26.1.sdk/usr/lib -target arm64-apple-macos11 conftest.o  >&5)
====
configure:18021: $? = 0
configure:18042: result: no
configure:18062: checking for joinable pthread attribute
configure:18081: /usr/bin/cc -target arm64-apple-macos -o conftest  -target arm64-apple-macos11 -g -mmacosx-version-min=11 -pthread  -L/Applications/Xcode.app/Contents/Developer/Platforms/MacOSX.platform/Developer/SDKs/MacOSX26.1.sdk/usr/lib -target arm64-apple-macos11 conftest.c -lpthread  >&5
configure:18081: $? = 0
configure:18091: result: PTHREAD_CREATE_JOINABLE
configure:18104: checking whether more special flags are required for pthreads
configure:18119: result: no
configure:18128: checking for PTHREAD_PRIO_INHERIT
configure:18146: /usr/bin/cc -target arm64-apple-macos -o conftest  -target arm64-apple-macos11 -g -mmacosx-version-min=11 -pthread  -L/Applications/Xcode.app/Contents/Developer/Platforms/MacOSX.platform/Developer/SDKs/MacOSX26.1.sdk/usr/lib -target arm64-apple-macos11 conftest.c -lpthread  >&5
configure:18146: $? = 0
configure:18158: result: yes
configure:19053: checking whether Intel CET is enabled
configure:19074: /usr/bin/cc -target arm64-apple-macos -c -pthread  -target arm64-apple-macos11 -g -mmacosx-version-min=11  conftest.c >&5
conftest.c:81:3: error: CET is not enabled
   81 | # error CET is not enabled
      |   ^
1 error generated.
configure:19074: $? = 1
configure: failed program was:
| /* confdefs.h */
| #define PACKAGE_NAME "PCRE2"
| #define PACKAGE_TARNAME "pcre2"
| #define PACKAGE_VERSION "10.48-DEV"
| #define PACKAGE_STRING "PCRE2 10.48-DEV"
| #define PACKAGE_BUGREPORT ""
| #define PACKAGE_URL ""
| #define PACKAGE "pcre2"
| #define VERSION "10.48-DEV"
| #define HAVE_STDIO_H 1
| #define HAVE_STDLIB_H 1
| #define HAVE_STRING_H 1
| #define HAVE_INTTYPES_H 1
| #define HAVE_STDINT_H 1
| #define HAVE_STRINGS_H 1
| #define HAVE_SYS_STAT_H 1
| #define HAVE_SYS_TYPES_H 1
| #define HAVE_UNISTD_H 1
| #define HAVE_WCHAR_H 1
| #define STDC_HEADERS 1
| #define _ALL_SOURCE 1
| #define _DARWIN_C_SOURCE 1
| #define _GNU_SOURCE 1
| #define _HPUX_ALT_XOPEN_SOCKET_API 1
| #define _NETBSD_SOURCE 1
| #define _OPENBSD_SOURCE 1
| #define _POSIX_PTHREAD_SEMANTICS 1
| #define __STDC_WANT_IEC_60559_ATTRIBS_EXT__ 1
| #define __STDC_WANT_IEC_60559_BFP_EXT__ 1
| #define __STDC_WANT_IEC_60559_DFP_EXT__ 1
| #define __STDC_WANT_IEC_60559_EXT__ 1
| #define __STDC_WANT_IEC_60559_FUNCS_EXT__ 1
| #define __STDC_WANT_IEC_60559_TYPES_EXT__ 1
| #define __STDC_WANT_LIB_EXT2__ 1
| #define __STDC_WANT_MATH_SPEC_FUNCS__ 1
| #define _TANDEM_SOURCE 1
| #define __EXTENSIONS__ 1
| #define HAVE_DLFCN_H 1
| #define LT_OBJDIR ".libs/"
| #define PCRE2_EXPORT __attribute__ ((visibility ("default")))
| #define HAVE_VISIBILITY 1
| #define HAVE_ATTRIBUTE_UNINITIALIZED 1
| #define HAVE_BUILTIN_MUL_OVERFLOW 1
| #define HAVE_BUILTIN_UNREACHABLE 1
| #define HAVE_ASSERT_H 1
| #define HAVE_LIMITS_H 1
| #define HAVE_SYS_TYPES_H 1
| #define HAVE_SYS_STAT_H 1
| #define HAVE_DIRENT_H 1
| #define HAVE_SYS_WAIT_H 1
| #define HAVE_MKOSTEMP 1
| #define HAVE_REALPATH 1
| #define HAVE_ZLIB_H 1
| #define HAVE_BZLIB_H 1
| #define PCRE2_STATIC 1
| #define SUPPORT_PCRE2_32 /**/
| #define HAVE_PTHREAD_PRIO_INHERIT 1
| #define HAVE_PTHREAD 1
| #define SUPPORT_JIT /**/
| #define SUPPORT_PCRE2GREP_JIT /**/
| #define SUPPORT_PCRE2GREP_CALLOUT_FORK /**/
| #define SUPPORT_PCRE2GREP_CALLOUT /**/
| #define SUPPORT_UNICODE /**/
| #define PCRE2GREP_BUFSIZE 20480
| #define PCRE2GREP_MAX_BUFSIZE 1048576
| #define NEWLINE_DEFAULT 2
| #define LINK_SIZE 2
| #define MAX_VARLOOKBEHIND 255
| #define PARENS_NEST_LIMIT 250
| #define MATCH_LIMIT 10000000
| #define MATCH_LIMIT_DEPTH MATCH_LIMIT
| #define HEAP_LIMIT 20000000
| #define MAX_NAME_SIZE 128
| #define MAX_NAME_COUNT 10000
| /* end confdefs.h.  */
| 
| int
| main (void)
| {
| #ifndef __CET__
| # error CET is not enabled
| #endif
|   ;
|   return 0;
| }
configure:19082: result: no
configure:19231: checking that generated files are newer than configure
configure:19237: result: done
configure:19338: creating ./config.status

## ---------------------- ##
## Running config.status. ##
## ---------------------- ##

This file was extended by PCRE2 config.status 10.48-DEV, which was
generated by GNU Autoconf 2.72.  Invocation command line was

  CONFIG_FILES    = 
  CONFIG_HEADERS  = 
  CONFIG_LINKS    = 
  CONFIG_COMMANDS = 
  $ ./config.status 

on adlers-MacBook-Air.local

config.status:1217: creating Makefile
config.status:1217: creating libpcre2-8.pc
config.status:1217: creating libpcre2-16.pc
config.status:1217: creating libpcre2-32.pc
config.status:1217: creating libpcre2-posix.pc
config.status:1217: creating pcre2-config
config.status:1217: creating src/pcre2.h
config.status:1217: creating src/config.h
config.status:1431: executing depfiles commands
config.status:1508: cd .       && sed -e '/# am--include-marker/d' Makefile         | make -f - am--depfiles
config.status:1513: $? = 0
config.status:1431: executing libtool commands
config.status:1431: executing script-chmod commands
config.status:1431: executing delete-old-chartables commands

## ---------------- ##
## Cache variables. ##
## ---------------- ##

ac_cv_build=aarch64-apple-darwin25.1.0
ac_cv_c_compiler_gnu=yes
ac_cv_c_const=yes
ac_cv_c_int64_t=yes
ac_cv_env_CC_set=set
ac_cv_env_CC_value='/usr/bin/cc -target arm64-apple-macos'
ac_cv_env_CFLAGS_set=set
ac_cv_env_CFLAGS_value=' -target arm64-apple-macos11 -g -mmacosx-version-min=11'
ac_cv_env_CPPFLAGS_set=
ac_cv_env_CPPFLAGS_value=
ac_cv_env_CPP_set=
ac_cv_env_CPP_value=
ac_cv_env_GENHTML_set=
ac_cv_env_GENHTML_value=
ac_cv_env_LCOV_set=
ac_cv_env_LCOV_value=
ac_cv_env_LDFLAGS_set=set
ac_cv_env_LDFLAGS_value='-L/Applications/Xcode.app/Contents/Developer/Platforms/MacOSX.platform/Developer/SDKs/MacOSX26.1.sdk/usr/lib -target arm64-apple-macos11'
ac_cv_env_LIBS_set=
ac_cv_env_LIBS_value=
ac_cv_env_LT_SYS_LIBRARY_PATH_set=
ac_cv_env_LT_SYS_LIBRARY_PATH_value=
ac_cv_env_PKG_CONFIG_LIBDIR_set=
ac_cv_env_PKG_CONFIG_LIBDIR_value=
ac_cv_env_PKG_CONFIG_PATH_set=
ac_cv_env_PKG_CONFIG_PATH_value=
ac_cv_env_PKG_CONFIG_set=
ac_cv_env_PKG_CONFIG_value=
ac_cv_env_VALGRIND_CFLAGS_set=
ac_cv_env_VALGRIND_CFLAGS_value=
ac_cv_env_VALGRIND_LIBS_set=
ac_cv_env_VALGRIND_LIBS_value=
ac_cv_env_build_alias_set=
ac_cv_env_build_alias_value=
ac_cv_env_host_alias_set=set
ac_cv_env_host_alias_value=aarch64-apple-darwin
ac_cv_env_target_alias_set=
ac_cv_env_target_alias_value=
ac_cv_func_memfd_create=no
ac_cv_func_mkostemp=yes
ac_cv_func_secure_getenv=no
ac_cv_header_assert_h=yes
ac_cv_header_bzlib_h=yes
ac_cv_header_dirent_h=yes
ac_cv_header_dlfcn_h=yes
ac_cv_header_inttypes_h=yes
ac_cv_header_limits_h=yes
ac_cv_header_minix_config_h=no
ac_cv_header_stdint_h=yes
ac_cv_header_stdio_h=yes
ac_cv_header_stdlib_h=yes
ac_cv_header_string_h=yes
ac_cv_header_strings_h=yes
ac_cv_header_sys_stat_h=yes
ac_cv_header_sys_types_h=yes
ac_cv_header_sys_wait_h=yes
ac_cv_header_unistd_h=yes
ac_cv_header_wchar_h=yes
ac_cv_header_windows_h=no
ac_cv_header_zlib_h=yes
ac_cv_host=aarch64-apple-darwin
ac_cv_lib_z_gzopen=yes
ac_cv_objext=o
ac_cv_path_EGREP='/usr/bin/grep -E'
ac_cv_path_EGREP_TRADITIONAL='/usr/bin/grep -E'
ac_cv_path_FGREP='/usr/bin/grep -F'
ac_cv_path_GREP=/usr/bin/grep
ac_cv_path_SED=/usr/bin/sed
ac_cv_path_install='/usr/bin/install -c'
ac_cv_path_lt_DD=/bin/dd
ac_cv_prog_AR=ar
ac_cv_prog_AWK=awk
ac_cv_prog_CC='/usr/bin/cc -target arm64-apple-macos'
ac_cv_prog_CPP='/usr/bin/cc -target arm64-apple-macos -E'
ac_cv_prog_FILECMD=file
ac_cv_prog_STRIP=strip
ac_cv_prog_ac_ct_AR=ar
ac_cv_prog_ac_ct_DSYMUTIL=dsymutil
ac_cv_prog_ac_ct_DUMPBIN='link -dump'
ac_cv_prog_ac_ct_LIPO=lipo
ac_cv_prog_ac_ct_NMEDIT=nmedit
ac_cv_prog_ac_ct_OBJDUMP=objdump
ac_cv_prog_ac_ct_OTOOL=otool
ac_cv_prog_ac_ct_RANLIB=ranlib
ac_cv_prog_ac_ct_STRIP=strip
ac_cv_prog_cc_c11=
ac_cv_prog_cc_g=yes
ac_cv_prog_cc_stdc=
ac_cv_prog_make_make_set=yes
ac_cv_safe_to_define___extensions__=yes
ac_cv_should_define__xopen_source=no
ac_cv_sys_largefile_opts='none needed'
ac_cv_type_size_t=yes
am_cv_CC_dependencies_compiler_type=gcc3
am_cv_ar_interface=ar
am_cv_filesystem_timestamp_resolution=2
am_cv_make_support_nested_variables=yes
am_cv_prog_cc_c_o=yes
am_cv_prog_tar_ustar=gnutar
am_cv_sleep_fractional_seconds=yes
am_cv_xargs_n_works=yes
ax_cv_PTHREAD_CLANG=yes
ax_cv_PTHREAD_CLANG_NO_WARN_FLAG=no
ax_cv_PTHREAD_JOINABLE_ATTR=PTHREAD_CREATE_JOINABLE
ax_cv_PTHREAD_PRIO_INHERIT=yes
ax_cv_PTHREAD_SPECIAL_FLAGS=no
ax_cv_check_vscript_flag=unsupported
lt_cv_apple_cc_single_mod=no
lt_cv_ar_at_file=no
lt_cv_deplibs_check_method=pass_all
lt_cv_file_magic_cmd='$MAGIC_CMD'
lt_cv_file_magic_test_file=
lt_cv_ld_exported_symbols_list=yes
lt_cv_ld_force_load=yes
lt_cv_ld_reload_flag=-r
lt_cv_nm_interface='BSD nm'
lt_cv_objdir=.libs
lt_cv_path_LD=/Applications/Xcode.app/Contents/Developer/Toolchains/XcodeDefault.xctoolchain/usr/bin/ld
lt_cv_path_NM=no
lt_cv_path_manifest_tool=no
lt_cv_prog_compiler_c_o=yes
lt_cv_prog_compiler_pic='-fno-common -DPIC'
lt_cv_prog_compiler_pic_works=yes
lt_cv_prog_compiler_rtti_exceptions=yes
lt_cv_prog_compiler_static_works=no
lt_cv_prog_gnu_ld=no
lt_cv_sharedlib_from_linklib_cmd='printf %s\n'
lt_cv_support_no_fixup_chains=yes
lt_cv_sys_global_symbol_pipe='/usr/bin/sed -n -e '\''s/^.*[	 ]\([ABCDGIRSTW][ABCDGIRSTW]*\)[	 ][	 ]*_\([_A-Za-z][_A-Za-z0-9]*\)$/\1 _\2 \2/p'\'' | /usr/bin/sed '\''/ __gnu_lto/d'\'''
lt_cv_sys_global_symbol_to_c_name_address='/usr/bin/sed -n -e '\''s/^: \(.*\) .*$/  {"\1", (void *) 0},/p'\'' -e '\''s/^[ABCDGIRSTW][ABCDGIRSTW]* .* \(.*\)$/  {"\1", (void *) \&\1},/p'\'''
lt_cv_sys_global_symbol_to_c_name_address_lib_prefix='/usr/bin/sed -n -e '\''s/^: \(.*\) .*$/  {"\1", (void *) 0},/p'\'' -e '\''s/^[ABCDGIRSTW][ABCDGIRSTW]* .* \(lib.*\)$/  {"\1", (void *) \&\1},/p'\'' -e '\''s/^[ABCDGIRSTW][ABCDGIRSTW]* .* \(.*\)$/  {"lib\1", (void *) \&\1},/p'\'''
lt_cv_sys_global_symbol_to_cdecl='/usr/bin/sed -n -e '\''s/^T .* \(.*\)$/extern int \1();/p'\'' -e '\''s/^[ABCDGIRSTW][ABCDGIRSTW]* .* \(.*\)$/extern char \1;/p'\'''
lt_cv_sys_global_symbol_to_import=
lt_cv_sys_max_cmd_len=786432
lt_cv_to_host_file_cmd=func_convert_file_noop
lt_cv_to_tool_file_cmd=func_convert_file_noop
lt_cv_truncate_bin='/bin/dd bs=4096 count=1'
pcre2_cc_cv_attribute_uninitialized=yes
pcre2_cc_cv_builtin_assume=no
pcre2_cc_cv_builtin_mul_overflow=yes
pcre2_cc_cv_builtin_unreachable=yes
pcre2_cc_cv_intel_cet_enabled=no
pcre2_cv_cc_vis_werror=yes
pcre2_cv_cc_visibility=yes
pcre2_cv_os390=no

## ----------------- ##
## Output variables. ##
## ----------------- ##

ACLOCAL='${SHELL} '\''/Users/home/GitHub/QLMarkdown/dependencies/pcre2/missing'\'' aclocal-1.18'
AMDEPBACKSLASH='\'
AMDEP_FALSE='#'
AMDEP_TRUE=''
AMTAR='$${TAR-tar}'
AM_BACKSLASH='\'
AM_DEFAULT_V='$(AM_DEFAULT_VERBOSITY)'
AM_DEFAULT_VERBOSITY='0'
AM_V='$(V)'
AR='ar'
AS='as'
AUTOCONF='${SHELL} '\''/Users/home/GitHub/QLMarkdown/dependencies/pcre2/missing'\'' autoconf'
AUTOHEADER='${SHELL} '\''/Users/home/GitHub/QLMarkdown/dependencies/pcre2/missing'\'' autoheader'
AUTOMAKE='${SHELL} '\''/Users/home/GitHub/QLMarkdown/dependencies/pcre2/missing'\'' automake-1.18'
AWK='awk'
CC='/usr/bin/cc -target arm64-apple-macos'
CCDEPMODE='depmode=gcc3'
CET_CFLAGS=''
CFLAGS='-pthread  -target arm64-apple-macos11 -g -mmacosx-version-min=11'
CPP='/usr/bin/cc -target arm64-apple-macos -E'
CPPFLAGS=''
CSCOPE='cscope'
CTAGS='ctags'
CYGPATH_W='echo'
DEFS='-DHAVE_CONFIG_H'
DEPDIR='.deps'
DISTCHECK_CONFIGURE_FLAGS='CFLAGS='\'''\'' CXXFLAGS='\'''\'' --enable-pcre2-16 --enable-pcre2-32 --enable-jit'
DLLTOOL='false'
DSYMUTIL='dsymutil'
DUMPBIN=':'
ECHO_C='\c'
ECHO_N=''
ECHO_T=''
EGREP='/usr/bin/grep -E'
ETAGS='etags'
EXEEXT=''
EXTRA_LIBPCRE2_16_LDFLAGS='    -version-info 15:0:15'
EXTRA_LIBPCRE2_32_LDFLAGS='    -version-info 15:0:15'
EXTRA_LIBPCRE2_8_LDFLAGS='    -version-info 15:0:15'
EXTRA_LIBPCRE2_POSIX_LDFLAGS='    -version-info 3:7:0'
FGREP='/usr/bin/grep -F'
FILECMD='file'
GCOV_CFLAGS=''
GCOV_CXXFLAGS=''
GCOV_LIBS=''
GENHTML=''
GREP='/usr/bin/grep'
HAVE_VISIBILITY='1'
HAVE_VSCRIPT_COMPLEX_FALSE=''
HAVE_VSCRIPT_COMPLEX_TRUE='#'
HAVE_VSCRIPT_FALSE=''
HAVE_VSCRIPT_TRUE='#'
INSTALL_DATA='${INSTALL} -m 644'
INSTALL_PROGRAM='${INSTALL}'
INSTALL_SCRIPT='${INSTALL}'
INSTALL_STRIP_PROGRAM='$(install_sh) -c -s'
LCOV=''
LD='/Applications/Xcode.app/Contents/Developer/Toolchains/XcodeDefault.xctoolchain/usr/bin/ld'
LDFLAGS='-L/Applications/Xcode.app/Contents/Developer/Platforms/MacOSX.platform/Developer/SDKs/MacOSX26.1.sdk/usr/lib -target arm64-apple-macos11'
LIBBZ2=''
LIBOBJS=''
LIBREADLINE=''
LIBS='-lpthread '
LIBTOOL='$(SHELL) $(top_builddir)/libtool'
LIBZ=''
LIB_POSTFIX=''
LIPO='lipo'
LN_S='ln -s'
LTLIBOBJS=''
LT_SYS_LIBRARY_PATH=''
MAINT=''
MAINTAINER_MODE_FALSE='#'
MAINTAINER_MODE_TRUE=''
MAKEINFO='${SHELL} '\''/Users/home/GitHub/QLMarkdown/dependencies/pcre2/missing'\'' makeinfo'
MANIFEST_TOOL=':'
MKDIR_P='mkdir -p'
NM='nm'
NMEDIT='nmedit'
OBJDUMP='objdump'
OBJEXT='o'
OTOOL64=':'
OTOOL='otool'
PACKAGE='pcre2'
PACKAGE_BUGREPORT=''
PACKAGE_NAME='PCRE2'
PACKAGE_STRING='PCRE2 10.48-DEV'
PACKAGE_TARNAME='pcre2'
PACKAGE_URL=''
PACKAGE_VERSION='10.48-DEV'
PATH_SEPARATOR=':'
PCRE2POSIX_CFLAG=''
PCRE2_DATE='2025-10-21'
PCRE2_MAJOR='10'
PCRE2_MINOR='48'
PCRE2_PRERELEASE='-DEV'
PCRE2_STATIC_CFLAG='-DPCRE2_STATIC'
PKG_CONFIG=''
PKG_CONFIG_LIBDIR=''
PKG_CONFIG_PATH=''
PTHREAD_CC='/usr/bin/cc -target arm64-apple-macos'
PTHREAD_CFLAGS='-pthread'
PTHREAD_CXX=''
PTHREAD_LIBS='-lpthread'
RANLIB='ranlib'
SED='/usr/bin/sed'
SET_MAKE=''
SHELL='/bin/sh'
SHTOOL=''
STRIP='strip'
VALGRIND_CFLAGS=''
VALGRIND_LIBS=''
VERSION='10.48-DEV'
VISIBILITY_CFLAGS='-fvisibility=hidden'
VSCRIPT_LDFLAGS=''
WITH_DIFF_FUZZ_SUPPORT_FALSE=''
WITH_DIFF_FUZZ_SUPPORT_TRUE='#'
WITH_EBCDIC_FALSE=''
WITH_EBCDIC_NL25_FALSE=''
WITH_EBCDIC_NL25_TRUE='#'
WITH_EBCDIC_TRUE='#'
WITH_FUZZ_SUPPORT_FALSE=''
WITH_FUZZ_SUPPORT_TRUE='#'
WITH_GCOV_FALSE=''
WITH_GCOV_TRUE='#'
WITH_JIT_FALSE='#'
WITH_JIT_TRUE=''
WITH_PCRE2_16_FALSE=''
WITH_PCRE2_16_TRUE='#'
WITH_PCRE2_32_FALSE='#'
WITH_PCRE2_32_TRUE=''
WITH_PCRE2_8_FALSE=''
WITH_PCRE2_8_TRUE='#'
WITH_REBUILD_CHARTABLES_FALSE=''
WITH_REBUILD_CHARTABLES_TRUE='#'
WITH_UNICODE_FALSE='#'
WITH_UNICODE_TRUE=''
WITH_VALGRIND_FALSE=''
WITH_VALGRIND_TRUE='#'
ac_ct_AR='ar'
ac_ct_CC=''
ac_ct_DUMPBIN='link -dump'
am__EXEEXT_FALSE=''
am__EXEEXT_TRUE='#'
am__fastdepCC_FALSE='#'
am__fastdepCC_TRUE=''
am__include='include'
am__isrc=' -I$(srcdir)'
am__leading_dot='.'
am__nodep='_no'
am__quote=''
am__rm_f_notfound=''
am__tar='tar --format=ustar -chf - "$$tardir"'
am__untar='tar -xf -'
am__xargs_n='xargs -n'
ax_pthread_config=''
bindir='${exec_prefix}/bin'
build='aarch64-apple-darwin25.1.0'
build_alias=''
build_cpu='aarch64'
build_os='darwin25.1.0'
build_vendor='apple'
datadir='${datarootdir}'
datarootdir='${prefix}/share'
docdir='${datarootdir}/doc/${PACKAGE_TARNAME}'
dvidir='${docdir}'
enable_pcre2_16='no'
enable_pcre2_32='yes'
enable_pcre2_8='no'
exec_prefix='${prefix}'
host='aarch64-apple-darwin'
host_alias='aarch64-apple-darwin'
host_cpu='aarch64'
host_os='darwin'
host_vendor='apple'
htmldir='${docdir}/html'
includedir='${prefix}/include'
infodir='${datarootdir}/info'
install_sh='${SHELL} /Users/home/GitHub/QLMarkdown/dependencies/pcre2/install-sh'
libdir='${exec_prefix}/lib'
libexecdir='${exec_prefix}/libexec'
localedir='${datarootdir}/locale'
localstatedir='${prefix}/var'
mandir='${datarootdir}/man'
mkdir_p='$(MKDIR_P)'
oldincludedir='/usr/include'
pdfdir='${docdir}'
prefix='/Users/home/GitHub/QLMarkdown/build/Debug/libpcre2/arm64'
program_transform_name='s,x,x,'
psdir='${docdir}'
runstatedir='${localstatedir}/run'
sbindir='${exec_prefix}/sbin'
sharedstatedir='${prefix}/com'
sysconfdir='${prefix}/etc'
target_alias=''

## ----------- ##
## confdefs.h. ##
## ----------- ##

/* confdefs.h */
#define PACKAGE_NAME "PCRE2"
#define PACKAGE_TARNAME "pcre2"
#define PACKAGE_VERSION "10.48-DEV"
#define PACKAGE_STRING "PCRE2 10.48-DEV"
#define PACKAGE_BUGREPORT ""
#define PACKAGE_URL ""
#define PACKAGE "pcre2"
#define VERSION "10.48-DEV"
#define HAVE_STDIO_H 1
#define HAVE_STDLIB_H 1
#define HAVE_STRING_H 1
#define HAVE_INTTYPES_H 1
#define HAVE_STDINT_H 1
#define HAVE_STRINGS_H 1
#define HAVE_SYS_STAT_H 1
#define HAVE_SYS_TYPES_H 1
#define HAVE_UNISTD_H 1
#define HAVE_WCHAR_H 1
#define STDC_HEADERS 1
#define _ALL_SOURCE 1
#define _DARWIN_C_SOURCE 1
#define _GNU_SOURCE 1
#define _HPUX_ALT_XOPEN_SOCKET_API 1
#define _NETBSD_SOURCE 1
#define _OPENBSD_SOURCE 1
#define _POSIX_PTHREAD_SEMANTICS 1
#define __STDC_WANT_IEC_60559_ATTRIBS_EXT__ 1
#define __STDC_WANT_IEC_60559_BFP_EXT__ 1
#define __STDC_WANT_IEC_60559_DFP_EXT__ 1
#define __STDC_WANT_IEC_60559_EXT__ 1
#define __STDC_WANT_IEC_60559_FUNCS_EXT__ 1
#define __STDC_WANT_IEC_60559_TYPES_EXT__ 1
#define __STDC_WANT_LIB_EXT2__ 1
#define __STDC_WANT_MATH_SPEC_FUNCS__ 1
#define _TANDEM_SOURCE 1
#define __EXTENSIONS__ 1
#define HAVE_DLFCN_H 1
#define LT_OBJDIR ".libs/"
#define PCRE2_EXPORT __attribute__ ((visibility ("default")))
#define HAVE_VISIBILITY 1
#define HAVE_ATTRIBUTE_UNINITIALIZED 1
#define HAVE_BUILTIN_MUL_OVERFLOW 1
#define HAVE_BUILTIN_UNREACHABLE 1
#define HAVE_ASSERT_H 1
#define HAVE_LIMITS_H 1
#define HAVE_SYS_TYPES_H 1
#define HAVE_SYS_STAT_H 1
#define HAVE_DIRENT_H 1
#define HAVE_SYS_WAIT_H 1
#define HAVE_MKOSTEMP 1
#define HAVE_REALPATH 1
#define HAVE_ZLIB_H 1
#define HAVE_BZLIB_H 1
#define PCRE2_STATIC 1
#define SUPPORT_PCRE2_32 /**/
#define HAVE_PTHREAD_PRIO_INHERIT 1
#define HAVE_PTHREAD 1
#define SUPPORT_JIT /**/
#define SUPPORT_PCRE2GREP_JIT /**/
#define SUPPORT_PCRE2GREP_CALLOUT_FORK /**/
#define SUPPORT_PCRE2GREP_CALLOUT /**/
#define SUPPORT_UNICODE /**/
#define PCRE2GREP_BUFSIZE 20480
#define PCRE2GREP_MAX_BUFSIZE 1048576
#define NEWLINE_DEFAULT 2
#define LINK_SIZE 2
#define MAX_VARLOOKBEHIND 255
#define PARENS_NEST_LIMIT 250
#define MATCH_LIMIT 10000000
#define MATCH_LIMIT_DEPTH MATCH_LIMIT
#define HEAP_LIMIT 20000000
#define MAX_NAME_SIZE 128
#define MAX_NAME_COUNT 10000

configure: exit 0
